<!DOCTYPE html>

<html>
  <head>
  <meta charset='utf-8'>
  <title>TestNG reports</title>

    <link type="text/css" href="testng-reports1.css" rel="stylesheet" id="ultra" />
    <link type="text/css" href="testng-reports.css" rel="stylesheet" id="retro" disabled="false"/>
    <script type="text/javascript" src="jquery-3.6.0.min.js"></script>
    <script type="text/javascript" src="testng-reports.js"></script>
    <script type="text/javascript" src="https://www.google.com/jsapi"></script>
    <script type='text/javascript'>
      google.load('visualization', '1', {packages:['table']});
      google.setOnLoadCallback(drawTable);
      var suiteTableInitFunctions = new Array();
      var suiteTableData = new Array();
    </script>
    <!--
      <script type="text/javascript" src="jquery-ui/js/jquery-ui-1.8.16.custom.min.js"></script>
     -->
  </head>

  <body>    <div class="top-banner-root">
      <span class="top-banner-title-font">Test results</span>
      <button id="button" class="button">Switch Retro Theme</button> <!-- button -->
      <br/>
      <span class="top-banner-font-1">1 suite, 1 failed test</span>
    </div> <!-- top-banner-root -->
    <div class="navigator-root">
      <div class="navigator-suite-header">
        <span>All suites</span>
        <a href="#" title="Collapse/expand all the suites" class="collapse-all-link">
          <img src="collapseall.gif" class="collapse-all-icon">
          </img> <!-- collapse-all-icon -->
        </a> <!-- collapse-all-link -->
      </div> <!-- navigator-suite-header -->
      <div class="suite">
        <div class="rounded-window">
          <div class="suite-header light-rounded-window-top">
            <a href="#" panel-name="suite-Demoblaze_Test_Suite" class="navigator-link">
              <span class="suite-name border-failed">Demoblaze Test Suite</span>
            </a> <!-- navigator-link -->
          </div> <!-- suite-header light-rounded-window-top -->
          <div class="navigator-suite-content">
            <div class="suite-section-title">
              <span>Info</span>
            </div> <!-- suite-section-title -->
            <div class="suite-section-content">
              <ul>
                <li>
                  <a href="#" panel-name="test-xml-Demoblaze_Test_Suite" class="navigator-link ">
                    <span>D:\Software Testing\Eclipse\Demoblaze-E-commerce-Automation-Framework-master\src\test\resources\testng.xml</span>
                  </a> <!-- navigator-link  -->
                </li>
                <li>
                  <a href="#" panel-name="testlist-Demoblaze_Test_Suite" class="navigator-link ">
                    <span class="test-stats">2 tests</span>
                  </a> <!-- navigator-link  -->
                </li>
                <li>
                  <a href="#" panel-name="group-Demoblaze_Test_Suite" class="navigator-link ">
                    <span>0 groups</span>
                  </a> <!-- navigator-link  -->
                </li>
                <li>
                  <a href="#" panel-name="times-Demoblaze_Test_Suite" class="navigator-link ">
                    <span>Times</span>
                  </a> <!-- navigator-link  -->
                </li>
                <li>
                  <a href="#" panel-name="reporter-Demoblaze_Test_Suite" class="navigator-link ">
                    <span>Reporter output</span>
                  </a> <!-- navigator-link  -->
                </li>
                <li>
                  <a href="#" panel-name="ignored-methods-Demoblaze_Test_Suite" class="navigator-link ">
                    <span>Ignored methods</span>
                  </a> <!-- navigator-link  -->
                </li>
                <li>
                  <a href="#" panel-name="chronological-Demoblaze_Test_Suite" class="navigator-link ">
                    <span>Chronological view</span>
                  </a> <!-- navigator-link  -->
                </li>
              </ul>
            </div> <!-- suite-section-content -->
            <div class="result-section">
              <div class="suite-section-title">
                <span>Results</span>
              </div> <!-- suite-section-title -->
              <div class="suite-section-content">
                <ul>
                  <li>
                    <span class="method-stats">35 methods, 1 failed,  10 skipped,  24 passed</span>
                  </li>
                  <li>
                    <span class="method-list-title failed">Failed methods</span>
                    <span class="show-or-hide-methods failed">
                      <a href="#" panel-name="suite-Demoblaze_Test_Suite" class="hide-methods failed suite-Demoblaze_Test_Suite"> (hide)</a> <!-- hide-methods failed suite-Demoblaze_Test_Suite -->
                      <a href="#" panel-name="suite-Demoblaze_Test_Suite" class="show-methods failed suite-Demoblaze_Test_Suite"> (show)</a> <!-- show-methods failed suite-Demoblaze_Test_Suite -->
                    </span>
                    <div class="method-list-content failed suite-Demoblaze_Test_Suite">
                      <span>
                        <img src="failed.png" width="3%"/>
                        <a href="#" panel-name="suite-Demoblaze_Test_Suite" title="com.demoblaze.automation.tests.CartTests" class="method navigator-link" hash-for-method="testRemoveProductFromCart">testRemoveProductFromCart</a> <!-- method navigator-link -->
                      </span>
                      <br/>
                    </div> <!-- method-list-content failed suite-Demoblaze_Test_Suite -->
                  </li>
                  <li>
                    <span class="method-list-title skipped">Skipped methods</span>
                    <span class="show-or-hide-methods skipped">
                      <a href="#" panel-name="suite-Demoblaze_Test_Suite" class="hide-methods skipped suite-Demoblaze_Test_Suite"> (hide)</a> <!-- hide-methods skipped suite-Demoblaze_Test_Suite -->
                      <a href="#" panel-name="suite-Demoblaze_Test_Suite" class="show-methods skipped suite-Demoblaze_Test_Suite"> (show)</a> <!-- show-methods skipped suite-Demoblaze_Test_Suite -->
                    </span>
                    <div class="method-list-content skipped suite-Demoblaze_Test_Suite">
                      <span>
                        <img src="skipped.png" width="3%"/>
                        <a href="#" panel-name="suite-Demoblaze_Test_Suite" title="com.demoblaze.automation.tests.LoginTests" class="method navigator-link" hash-for-method="testLoginWithEmptyCredentials">testLoginWithEmptyCredentials</a> <!-- method navigator-link -->
                      </span>
                      <br/>
                      <span>
                        <img src="skipped.png" width="3%"/>
                        <a href="#" panel-name="suite-Demoblaze_Test_Suite" title="com.demoblaze.automation.tests.LoginTests" class="method navigator-link" hash-for-method="testLoginWithInvalidPassword">testLoginWithInvalidPassword</a> <!-- method navigator-link -->
                      </span>
                      <br/>
                      <span>
                        <img src="skipped.png" width="3%"/>
                        <a href="#" panel-name="suite-Demoblaze_Test_Suite" title="com.demoblaze.automation.tests.LoginTests" class="method navigator-link" hash-for-method="testLoginWithInvalidUsername">testLoginWithInvalidUsername</a> <!-- method navigator-link -->
                      </span>
                      <br/>
                      <span>
                        <img src="skipped.png" width="3%"/>
                        <a href="#" panel-name="suite-Demoblaze_Test_Suite" title="com.demoblaze.automation.tests.LoginTests" class="method navigator-link" hash-for-method="testLoginWithValidCredentials">testLoginWithValidCredentials</a> <!-- method navigator-link -->
                      </span>
                      <br/>
                      <span>
                        <img src="skipped.png" width="3%"/>
                        <a href="#" panel-name="suite-Demoblaze_Test_Suite" title="com.demoblaze.automation.tests.LoginTests" class="method navigator-link" hash-for-method="testLogoutFunctionality">testLogoutFunctionality</a> <!-- method navigator-link -->
                      </span>
                      <br/>
                      <span>
                        <img src="skipped.png" width="3%"/>
                        <a href="#" panel-name="suite-Demoblaze_Test_Suite" title="com.demoblaze.automation.tests.SignUpTests" class="method navigator-link" hash-for-method="testSignUpModalClose">testSignUpModalClose</a> <!-- method navigator-link -->
                      </span>
                      <br/>
                      <span>
                        <img src="skipped.png" width="3%"/>
                        <a href="#" panel-name="suite-Demoblaze_Test_Suite" title="com.demoblaze.automation.tests.SignUpTests" class="method navigator-link" hash-for-method="testSignUpWithEmptyFields">testSignUpWithEmptyFields</a> <!-- method navigator-link -->
                      </span>
                      <br/>
                      <span>
                        <img src="skipped.png" width="3%"/>
                        <a href="#" panel-name="suite-Demoblaze_Test_Suite" title="com.demoblaze.automation.tests.SignUpTests" class="method navigator-link" hash-for-method="testSignUpWithExistingUser">testSignUpWithExistingUser</a> <!-- method navigator-link -->
                      </span>
                      <br/>
                      <span>
                        <img src="skipped.png" width="3%"/>
                        <a href="#" panel-name="suite-Demoblaze_Test_Suite" title="com.demoblaze.automation.tests.SignUpTests" class="method navigator-link" hash-for-method="testSignUpWithOnlyUsername">testSignUpWithOnlyUsername</a> <!-- method navigator-link -->
                      </span>
                      <br/>
                      <span>
                        <img src="skipped.png" width="3%"/>
                        <a href="#" panel-name="suite-Demoblaze_Test_Suite" title="com.demoblaze.automation.tests.SignUpTests" class="method navigator-link" hash-for-method="testSuccessfulSignUp">testSuccessfulSignUp</a> <!-- method navigator-link -->
                      </span>
                      <br/>
                    </div> <!-- method-list-content skipped suite-Demoblaze_Test_Suite -->
                  </li>
                  <li>
                    <span class="method-list-title passed">Passed methods</span>
                    <span class="show-or-hide-methods passed">
                      <a href="#" panel-name="suite-Demoblaze_Test_Suite" class="hide-methods passed suite-Demoblaze_Test_Suite"> (hide)</a> <!-- hide-methods passed suite-Demoblaze_Test_Suite -->
                      <a href="#" panel-name="suite-Demoblaze_Test_Suite" class="show-methods passed suite-Demoblaze_Test_Suite"> (show)</a> <!-- show-methods passed suite-Demoblaze_Test_Suite -->
                    </span>
                    <div class="method-list-content passed suite-Demoblaze_Test_Suite">
                      <span>
                        <img src="passed.png" width="3%"/>
                        <a href="#" panel-name="suite-Demoblaze_Test_Suite" title="com.demoblaze.automation.tests.CartTests" class="method navigator-link" hash-for-method="testAddMultipleProductsToCart">testAddMultipleProductsToCart</a> <!-- method navigator-link -->
                      </span>
                      <br/>
                      <span>
                        <img src="passed.png" width="3%"/>
                        <a href="#" panel-name="suite-Demoblaze_Test_Suite" title="com.demoblaze.automation.tests.CartTests" class="method navigator-link" hash-for-method="testAddProductToCart">testAddProductToCart</a> <!-- method navigator-link -->
                      </span>
                      <br/>
                      <span>
                        <img src="passed.png" width="3%"/>
                        <a href="#" panel-name="suite-Demoblaze_Test_Suite" title="com.demoblaze.automation.tests.CartTests" class="method navigator-link" hash-for-method="testCartTotalPriceDisplay">testCartTotalPriceDisplay</a> <!-- method navigator-link -->
                      </span>
                      <br/>
                      <span>
                        <img src="passed.png" width="3%"/>
                        <a href="#" panel-name="suite-Demoblaze_Test_Suite" title="com.demoblaze.automation.tests.CheckoutTests" class="method navigator-link" hash-for-method="testCheckoutWithEmptyCreditCard">testCheckoutWithEmptyCreditCard</a> <!-- method navigator-link -->
                      </span>
                      <br/>
                      <span>
                        <img src="passed.png" width="3%"/>
                        <a href="#" panel-name="suite-Demoblaze_Test_Suite" title="com.demoblaze.automation.tests.CheckoutTests" class="method navigator-link" hash-for-method="testCheckoutWithEmptyName">testCheckoutWithEmptyName</a> <!-- method navigator-link -->
                      </span>
                      <br/>
                      <span>
                        <img src="passed.png" width="3%"/>
                        <a href="#" panel-name="suite-Demoblaze_Test_Suite" title="com.demoblaze.automation.tests.CheckoutTests" class="method navigator-link" hash-for-method="testCloseCheckoutModal">testCloseCheckoutModal</a> <!-- method navigator-link -->
                      </span>
                      <br/>
                      <span>
                        <img src="passed.png" width="3%"/>
                        <a href="#" panel-name="suite-Demoblaze_Test_Suite" title="com.demoblaze.automation.tests.CheckoutTests" class="method navigator-link" hash-for-method="testCompleteCheckoutProcess">testCompleteCheckoutProcess</a> <!-- method navigator-link -->
                      </span>
                      <br/>
                      <span>
                        <img src="passed.png" width="3%"/>
                        <a href="#" panel-name="suite-Demoblaze_Test_Suite" title="com.demoblaze.automation.tests.LoginTests" class="method navigator-link" hash-for-method="testLoginWithEmptyCredentials">testLoginWithEmptyCredentials</a> <!-- method navigator-link -->
                      </span>
                      <br/>
                      <span>
                        <img src="passed.png" width="3%"/>
                        <a href="#" panel-name="suite-Demoblaze_Test_Suite" title="com.demoblaze.automation.tests.LoginTests" class="method navigator-link" hash-for-method="testLoginWithInvalidPassword">testLoginWithInvalidPassword</a> <!-- method navigator-link -->
                      </span>
                      <br/>
                      <span>
                        <img src="passed.png" width="3%"/>
                        <a href="#" panel-name="suite-Demoblaze_Test_Suite" title="com.demoblaze.automation.tests.LoginTests" class="method navigator-link" hash-for-method="testLoginWithInvalidUsername">testLoginWithInvalidUsername</a> <!-- method navigator-link -->
                      </span>
                      <br/>
                      <span>
                        <img src="passed.png" width="3%"/>
                        <a href="#" panel-name="suite-Demoblaze_Test_Suite" title="com.demoblaze.automation.tests.LoginTests" class="method navigator-link" hash-for-method="testLoginWithValidCredentials">testLoginWithValidCredentials</a> <!-- method navigator-link -->
                      </span>
                      <br/>
                      <span>
                        <img src="passed.png" width="3%"/>
                        <a href="#" panel-name="suite-Demoblaze_Test_Suite" title="com.demoblaze.automation.tests.LoginTests" class="method navigator-link" hash-for-method="testLogoutFunctionality">testLogoutFunctionality</a> <!-- method navigator-link -->
                      </span>
                      <br/>
                      <span>
                        <img src="passed.png" width="3%"/>
                        <a href="#" panel-name="suite-Demoblaze_Test_Suite" title="com.demoblaze.automation.tests.CheckoutTests" class="method navigator-link" hash-for-method="testOrderDetailsDisplay">testOrderDetailsDisplay</a> <!-- method navigator-link -->
                      </span>
                      <br/>
                      <span>
                        <img src="passed.png" width="3%"/>
                        <a href="#" panel-name="suite-Demoblaze_Test_Suite" title="com.demoblaze.automation.tests.ProductSearchTests" class="method navigator-link" hash-for-method="testProductDetailsDisplay">testProductDetailsDisplay</a> <!-- method navigator-link -->
                      </span>
                      <br/>
                      <span>
                        <img src="passed.png" width="3%"/>
                        <a href="#" panel-name="suite-Demoblaze_Test_Suite" title="com.demoblaze.automation.tests.ProductSearchTests" class="method navigator-link" hash-for-method="testSearchByLaptopsCategory">testSearchByLaptopsCategory</a> <!-- method navigator-link -->
                      </span>
                      <br/>
                      <span>
                        <img src="passed.png" width="3%"/>
                        <a href="#" panel-name="suite-Demoblaze_Test_Suite" title="com.demoblaze.automation.tests.ProductSearchTests" class="method navigator-link" hash-for-method="testSearchByMonitorsCategory">testSearchByMonitorsCategory</a> <!-- method navigator-link -->
                      </span>
                      <br/>
                      <span>
                        <img src="passed.png" width="3%"/>
                        <a href="#" panel-name="suite-Demoblaze_Test_Suite" title="com.demoblaze.automation.tests.ProductSearchTests" class="method navigator-link" hash-for-method="testSearchByPhonesCategory">testSearchByPhonesCategory</a> <!-- method navigator-link -->
                      </span>
                      <br/>
                      <span>
                        <img src="passed.png" width="3%"/>
                        <a href="#" panel-name="suite-Demoblaze_Test_Suite" title="com.demoblaze.automation.tests.ProductSearchTests" class="method navigator-link" hash-for-method="testSelectSpecificProduct">testSelectSpecificProduct</a> <!-- method navigator-link -->
                      </span>
                      <br/>
                      <span>
                        <img src="passed.png" width="3%"/>
                        <a href="#" panel-name="suite-Demoblaze_Test_Suite" title="com.demoblaze.automation.tests.SignUpTests" class="method navigator-link" hash-for-method="testSignUpModalClose">testSignUpModalClose</a> <!-- method navigator-link -->
                      </span>
                      <br/>
                      <span>
                        <img src="passed.png" width="3%"/>
                        <a href="#" panel-name="suite-Demoblaze_Test_Suite" title="com.demoblaze.automation.tests.SignUpTests" class="method navigator-link" hash-for-method="testSignUpWithEmptyFields">testSignUpWithEmptyFields</a> <!-- method navigator-link -->
                      </span>
                      <br/>
                      <span>
                        <img src="passed.png" width="3%"/>
                        <a href="#" panel-name="suite-Demoblaze_Test_Suite" title="com.demoblaze.automation.tests.SignUpTests" class="method navigator-link" hash-for-method="testSignUpWithExistingUser">testSignUpWithExistingUser</a> <!-- method navigator-link -->
                      </span>
                      <br/>
                      <span>
                        <img src="passed.png" width="3%"/>
                        <a href="#" panel-name="suite-Demoblaze_Test_Suite" title="com.demoblaze.automation.tests.SignUpTests" class="method navigator-link" hash-for-method="testSignUpWithOnlyUsername">testSignUpWithOnlyUsername</a> <!-- method navigator-link -->
                      </span>
                      <br/>
                      <span>
                        <img src="passed.png" width="3%"/>
                        <a href="#" panel-name="suite-Demoblaze_Test_Suite" title="com.demoblaze.automation.tests.SignUpTests" class="method navigator-link" hash-for-method="testSuccessfulSignUp">testSuccessfulSignUp</a> <!-- method navigator-link -->
                      </span>
                      <br/>
                      <span>
                        <img src="passed.png" width="3%"/>
                        <a href="#" panel-name="suite-Demoblaze_Test_Suite" title="com.demoblaze.automation.tests.CartTests" class="method navigator-link" hash-for-method="testViewCartAfterAddingProduct">testViewCartAfterAddingProduct</a> <!-- method navigator-link -->
                      </span>
                      <br/>
                    </div> <!-- method-list-content passed suite-Demoblaze_Test_Suite -->
                  </li>
                </ul>
              </div> <!-- suite-section-content -->
            </div> <!-- result-section -->
          </div> <!-- navigator-suite-content -->
        </div> <!-- rounded-window -->
      </div> <!-- suite -->
    </div> <!-- navigator-root -->
    <div class="wrapper">
      <div class="main-panel-root">
        <div panel-name="suite-Demoblaze_Test_Suite" class="panel Demoblaze_Test_Suite">
          <div class="suite-Demoblaze_Test_Suite-class-failed">
            <div class="main-panel-header rounded-window-top">
              <img src="failed.png"/>
              <span class="class-name">com.demoblaze.automation.tests.CartTests</span>
            </div> <!-- main-panel-header rounded-window-top -->
            <div class="main-panel-content rounded-window-bottom">
              <div class="method">
                <div class="method-content">
                  <a name="testRemoveProductFromCart">
                  </a> <!-- testRemoveProductFromCart -->
                  <span class="method-name">testRemoveProductFromCart</span>
                  <div class="stack-trace">org.openqa.selenium.ElementClickInterceptedException: element click intercepted: Element &lt;a href=&quot;#&quot; onclick=&quot;deleteItem(&apos;b3b255d5-c3d1-521c-64fa-d1cd93860109&apos;)&quot;&gt;...&lt;/a&gt; is not clickable at point (745, 203). Other element would receive the click: &lt;input type=&quot;text&quot; class=&quot;form-control&quot; id=&quot;name&quot;&gt;
  (Session info: chrome=141.0.7390.54)
Build info: version: &apos;4.15.0&apos;, revision: &apos;1d14b5521b&apos;
System info: os.name: &apos;Windows 11&apos;, os.arch: &apos;amd64&apos;, os.version: &apos;10.0&apos;, java.version: &apos;23.0.1&apos;
Driver info: org.openqa.selenium.chrome.ChromeDriver
Command: [cebf0c902a3f4e3c2adf15169d5a9cb4, clickElement {id=f.F24E2BF7867D01216D31D6CDB7EDCF41.d.55D46DE83FF43693BF6DFF6CFAC366BE.e.269}]
Capabilities {acceptInsecureCerts: false, browserName: chrome, browserVersion: 141.0.7390.54, chrome: {chromedriverVersion: 141.0.7390.65 (b2ec783d2b51..., userDataDir: C:\Users\visha\AppData\Loca...}, fedcm:accounts: true, goog:chromeOptions: {debuggerAddress: localhost:54314}, networkConnectionEnabled: false, pageLoadStrategy: normal, platformName: windows, proxy: Proxy(), se:cdp: ws://localhost:54314/devtoo..., se:cdpVersion: 141.0.7390.54, setWindowRect: true, strictFileInteractability: false, timeouts: {implicit: 0, pageLoad: 300000, script: 30000}, unhandledPromptBehavior: dismiss and notify, webauthn:extension:credBlob: true, webauthn:extension:largeBlob: true, webauthn:extension:minPinLength: true, webauthn:extension:prf: true, webauthn:virtualAuthenticators: true}
Element: [[ChromeDriver: chrome on windows (cebf0c902a3f4e3c2adf15169d5a9cb4)] -&gt; xpath: //a[contains(text(),&apos;Delete&apos;)]]
Session ID: cebf0c902a3f4e3c2adf15169d5a9cb4
	at org.openqa.selenium.remote.codec.w3c.W3CHttpResponseCodec.createException(W3CHttpResponseCodec.java:200)
	at org.openqa.selenium.remote.codec.w3c.W3CHttpResponseCodec.decode(W3CHttpResponseCodec.java:133)
	at org.openqa.selenium.remote.codec.w3c.W3CHttpResponseCodec.decode(W3CHttpResponseCodec.java:52)
	at org.openqa.selenium.remote.HttpCommandExecutor.execute(HttpCommandExecutor.java:191)
	at org.openqa.selenium.remote.service.DriverCommandExecutor.invokeExecute(DriverCommandExecutor.java:200)
	at org.openqa.selenium.remote.service.DriverCommandExecutor.execute(DriverCommandExecutor.java:175)
	at org.openqa.selenium.remote.RemoteWebDriver.execute(RemoteWebDriver.java:607)
	at org.openqa.selenium.remote.RemoteWebElement.execute(RemoteWebElement.java:224)
	at org.openqa.selenium.remote.RemoteWebElement.click(RemoteWebElement.java:77)
	at com.demoblaze.automation.pages.BasePage.click(BasePage.java:32)
	at com.demoblaze.automation.pages.CartPage.deleteFirstItem(CartPage.java:86)
	at com.demoblaze.automation.tests.CartTests.testRemoveProductFromCart(CartTests.java:73)
	at java.base/java.util.ArrayList.forEach(ArrayList.java:1597)
... Removed 32 stack frames
</div> <!-- stack-trace -->
                  <em>
(Test removing product from cart)                  </em>
                </div> <!-- method-content -->
              </div> <!-- method -->
            </div> <!-- main-panel-content rounded-window-bottom -->
          </div> <!-- suite-Demoblaze_Test_Suite-class-failed -->
          <div class="suite-Demoblaze_Test_Suite-class-skipped">
            <div class="main-panel-header rounded-window-top">
              <img src="skipped.png"/>
              <span class="class-name">com.demoblaze.automation.tests.LoginTests</span>
            </div> <!-- main-panel-header rounded-window-top -->
            <div class="main-panel-content rounded-window-bottom">
              <div class="method">
                <div class="method-content">
                  <a name="testLoginWithEmptyCredentials">
                  </a> <!-- testLoginWithEmptyCredentials -->
                  <span class="method-name">testLoginWithEmptyCredentials</span>
                  <div class="stack-trace">org.openqa.selenium.SessionNotCreatedException: Could not start a new session. Response code 500. Message: Expected browser binary location, but unable to find binary in default location, no &apos;moz:firefoxOptions.binary&apos; capability provided, and no binary flag set on the command line 
Host info: host: &apos;VISHALNIVANGUNE&apos;, ip: &apos;192.168.31.227&apos;
Build info: version: &apos;4.15.0&apos;, revision: &apos;1d14b5521b&apos;
System info: os.name: &apos;Windows 11&apos;, os.arch: &apos;amd64&apos;, os.version: &apos;10.0&apos;, java.version: &apos;23.0.1&apos;
Driver info: org.openqa.selenium.firefox.FirefoxDriver
Command: [null, newSession {capabilities=[Capabilities {acceptInsecureCerts: true, browserName: firefox, moz:debuggerAddress: true, moz:firefoxOptions: {args: [--start-maximized]}}]}]
	at org.openqa.selenium.remote.ProtocolHandshake.createSession(ProtocolHandshake.java:140)
	at org.openqa.selenium.remote.ProtocolHandshake.createSession(ProtocolHandshake.java:96)
	at org.openqa.selenium.remote.ProtocolHandshake.createSession(ProtocolHandshake.java:68)
	at org.openqa.selenium.remote.HttpCommandExecutor.execute(HttpCommandExecutor.java:163)
	at org.openqa.selenium.remote.service.DriverCommandExecutor.invokeExecute(DriverCommandExecutor.java:200)
	at org.openqa.selenium.remote.service.DriverCommandExecutor.execute(DriverCommandExecutor.java:175)
	at org.openqa.selenium.remote.RemoteWebDriver.execute(RemoteWebDriver.java:607)
	at org.openqa.selenium.remote.RemoteWebDriver.startSession(RemoteWebDriver.java:241)
	at org.openqa.selenium.remote.RemoteWebDriver.&lt;init&gt;(RemoteWebDriver.java:168)
	at org.openqa.selenium.firefox.FirefoxDriver.&lt;init&gt;(FirefoxDriver.java:157)
	at org.openqa.selenium.firefox.FirefoxDriver.&lt;init&gt;(FirefoxDriver.java:152)
	at org.openqa.selenium.firefox.FirefoxDriver.&lt;init&gt;(FirefoxDriver.java:133)
	at org.openqa.selenium.firefox.FirefoxDriver.&lt;init&gt;(FirefoxDriver.java:128)
	at org.openqa.selenium.firefox.FirefoxDriver.&lt;init&gt;(FirefoxDriver.java:113)
	at com.demoblaze.automation.managers.DriverFactory.createDriver(DriverFactory.java:49)
	at com.demoblaze.automation.managers.DriverManager.initDriver(DriverManager.java:46)
	at com.demoblaze.automation.tests.BaseTest.setup(BaseTest.java:31)
	at java.base/java.util.ArrayList.forEach(ArrayList.java:1597)
... Removed 33 stack frames
</div> <!-- stack-trace -->
                  <em>
(Test login with empty credentials)                  </em>
                </div> <!-- method-content -->
              </div> <!-- method -->
              <div class="method">
                <div class="method-content">
                  <a name="testLoginWithInvalidPassword">
                  </a> <!-- testLoginWithInvalidPassword -->
                  <span class="method-name">testLoginWithInvalidPassword</span>
                  <div class="stack-trace">org.openqa.selenium.SessionNotCreatedException: Could not start a new session. Response code 500. Message: Expected browser binary location, but unable to find binary in default location, no &apos;moz:firefoxOptions.binary&apos; capability provided, and no binary flag set on the command line 
Host info: host: &apos;VISHALNIVANGUNE&apos;, ip: &apos;192.168.31.227&apos;
Build info: version: &apos;4.15.0&apos;, revision: &apos;1d14b5521b&apos;
System info: os.name: &apos;Windows 11&apos;, os.arch: &apos;amd64&apos;, os.version: &apos;10.0&apos;, java.version: &apos;23.0.1&apos;
Driver info: org.openqa.selenium.firefox.FirefoxDriver
Command: [null, newSession {capabilities=[Capabilities {acceptInsecureCerts: true, browserName: firefox, moz:debuggerAddress: true, moz:firefoxOptions: {args: [--start-maximized]}}]}]
	at org.openqa.selenium.remote.ProtocolHandshake.createSession(ProtocolHandshake.java:140)
	at org.openqa.selenium.remote.ProtocolHandshake.createSession(ProtocolHandshake.java:96)
	at org.openqa.selenium.remote.ProtocolHandshake.createSession(ProtocolHandshake.java:68)
	at org.openqa.selenium.remote.HttpCommandExecutor.execute(HttpCommandExecutor.java:163)
	at org.openqa.selenium.remote.service.DriverCommandExecutor.invokeExecute(DriverCommandExecutor.java:200)
	at org.openqa.selenium.remote.service.DriverCommandExecutor.execute(DriverCommandExecutor.java:175)
	at org.openqa.selenium.remote.RemoteWebDriver.execute(RemoteWebDriver.java:607)
	at org.openqa.selenium.remote.RemoteWebDriver.startSession(RemoteWebDriver.java:241)
	at org.openqa.selenium.remote.RemoteWebDriver.&lt;init&gt;(RemoteWebDriver.java:168)
	at org.openqa.selenium.firefox.FirefoxDriver.&lt;init&gt;(FirefoxDriver.java:157)
	at org.openqa.selenium.firefox.FirefoxDriver.&lt;init&gt;(FirefoxDriver.java:152)
	at org.openqa.selenium.firefox.FirefoxDriver.&lt;init&gt;(FirefoxDriver.java:133)
	at org.openqa.selenium.firefox.FirefoxDriver.&lt;init&gt;(FirefoxDriver.java:128)
	at org.openqa.selenium.firefox.FirefoxDriver.&lt;init&gt;(FirefoxDriver.java:113)
	at com.demoblaze.automation.managers.DriverFactory.createDriver(DriverFactory.java:49)
	at com.demoblaze.automation.managers.DriverManager.initDriver(DriverManager.java:46)
	at com.demoblaze.automation.tests.BaseTest.setup(BaseTest.java:31)
	at java.base/java.util.ArrayList.forEach(ArrayList.java:1597)
... Removed 33 stack frames
</div> <!-- stack-trace -->
                  <em>
(Test login with invalid password)                  </em>
                </div> <!-- method-content -->
              </div> <!-- method -->
              <div class="method">
                <div class="method-content">
                  <a name="testLoginWithInvalidUsername">
                  </a> <!-- testLoginWithInvalidUsername -->
                  <span class="method-name">testLoginWithInvalidUsername</span>
                  <div class="stack-trace">org.openqa.selenium.SessionNotCreatedException: Could not start a new session. Response code 500. Message: Expected browser binary location, but unable to find binary in default location, no &apos;moz:firefoxOptions.binary&apos; capability provided, and no binary flag set on the command line 
Host info: host: &apos;VISHALNIVANGUNE&apos;, ip: &apos;192.168.31.227&apos;
Build info: version: &apos;4.15.0&apos;, revision: &apos;1d14b5521b&apos;
System info: os.name: &apos;Windows 11&apos;, os.arch: &apos;amd64&apos;, os.version: &apos;10.0&apos;, java.version: &apos;23.0.1&apos;
Driver info: org.openqa.selenium.firefox.FirefoxDriver
Command: [null, newSession {capabilities=[Capabilities {acceptInsecureCerts: true, browserName: firefox, moz:debuggerAddress: true, moz:firefoxOptions: {args: [--start-maximized]}}]}]
	at org.openqa.selenium.remote.ProtocolHandshake.createSession(ProtocolHandshake.java:140)
	at org.openqa.selenium.remote.ProtocolHandshake.createSession(ProtocolHandshake.java:96)
	at org.openqa.selenium.remote.ProtocolHandshake.createSession(ProtocolHandshake.java:68)
	at org.openqa.selenium.remote.HttpCommandExecutor.execute(HttpCommandExecutor.java:163)
	at org.openqa.selenium.remote.service.DriverCommandExecutor.invokeExecute(DriverCommandExecutor.java:200)
	at org.openqa.selenium.remote.service.DriverCommandExecutor.execute(DriverCommandExecutor.java:175)
	at org.openqa.selenium.remote.RemoteWebDriver.execute(RemoteWebDriver.java:607)
	at org.openqa.selenium.remote.RemoteWebDriver.startSession(RemoteWebDriver.java:241)
	at org.openqa.selenium.remote.RemoteWebDriver.&lt;init&gt;(RemoteWebDriver.java:168)
	at org.openqa.selenium.firefox.FirefoxDriver.&lt;init&gt;(FirefoxDriver.java:157)
	at org.openqa.selenium.firefox.FirefoxDriver.&lt;init&gt;(FirefoxDriver.java:152)
	at org.openqa.selenium.firefox.FirefoxDriver.&lt;init&gt;(FirefoxDriver.java:133)
	at org.openqa.selenium.firefox.FirefoxDriver.&lt;init&gt;(FirefoxDriver.java:128)
	at org.openqa.selenium.firefox.FirefoxDriver.&lt;init&gt;(FirefoxDriver.java:113)
	at com.demoblaze.automation.managers.DriverFactory.createDriver(DriverFactory.java:49)
	at com.demoblaze.automation.managers.DriverManager.initDriver(DriverManager.java:46)
	at com.demoblaze.automation.tests.BaseTest.setup(BaseTest.java:31)
	at java.base/java.util.ArrayList.forEach(ArrayList.java:1597)
... Removed 33 stack frames
</div> <!-- stack-trace -->
                  <em>
(Test login with invalid username)                  </em>
                </div> <!-- method-content -->
              </div> <!-- method -->
              <div class="method">
                <div class="method-content">
                  <a name="testLoginWithValidCredentials">
                  </a> <!-- testLoginWithValidCredentials -->
                  <span class="method-name">testLoginWithValidCredentials</span>
                  <div class="stack-trace">org.openqa.selenium.SessionNotCreatedException: Could not start a new session. Response code 500. Message: Expected browser binary location, but unable to find binary in default location, no &apos;moz:firefoxOptions.binary&apos; capability provided, and no binary flag set on the command line 
Host info: host: &apos;VISHALNIVANGUNE&apos;, ip: &apos;192.168.31.227&apos;
Build info: version: &apos;4.15.0&apos;, revision: &apos;1d14b5521b&apos;
System info: os.name: &apos;Windows 11&apos;, os.arch: &apos;amd64&apos;, os.version: &apos;10.0&apos;, java.version: &apos;23.0.1&apos;
Driver info: org.openqa.selenium.firefox.FirefoxDriver
Command: [null, newSession {capabilities=[Capabilities {acceptInsecureCerts: true, browserName: firefox, moz:debuggerAddress: true, moz:firefoxOptions: {args: [--start-maximized]}}]}]
	at org.openqa.selenium.remote.ProtocolHandshake.createSession(ProtocolHandshake.java:140)
	at org.openqa.selenium.remote.ProtocolHandshake.createSession(ProtocolHandshake.java:96)
	at org.openqa.selenium.remote.ProtocolHandshake.createSession(ProtocolHandshake.java:68)
	at org.openqa.selenium.remote.HttpCommandExecutor.execute(HttpCommandExecutor.java:163)
	at org.openqa.selenium.remote.service.DriverCommandExecutor.invokeExecute(DriverCommandExecutor.java:200)
	at org.openqa.selenium.remote.service.DriverCommandExecutor.execute(DriverCommandExecutor.java:175)
	at org.openqa.selenium.remote.RemoteWebDriver.execute(RemoteWebDriver.java:607)
	at org.openqa.selenium.remote.RemoteWebDriver.startSession(RemoteWebDriver.java:241)
	at org.openqa.selenium.remote.RemoteWebDriver.&lt;init&gt;(RemoteWebDriver.java:168)
	at org.openqa.selenium.firefox.FirefoxDriver.&lt;init&gt;(FirefoxDriver.java:157)
	at org.openqa.selenium.firefox.FirefoxDriver.&lt;init&gt;(FirefoxDriver.java:152)
	at org.openqa.selenium.firefox.FirefoxDriver.&lt;init&gt;(FirefoxDriver.java:133)
	at org.openqa.selenium.firefox.FirefoxDriver.&lt;init&gt;(FirefoxDriver.java:128)
	at org.openqa.selenium.firefox.FirefoxDriver.&lt;init&gt;(FirefoxDriver.java:113)
	at com.demoblaze.automation.managers.DriverFactory.createDriver(DriverFactory.java:49)
	at com.demoblaze.automation.managers.DriverManager.initDriver(DriverManager.java:46)
	at com.demoblaze.automation.tests.BaseTest.setup(BaseTest.java:31)
	at java.base/java.util.ArrayList.forEach(ArrayList.java:1597)
... Removed 33 stack frames
</div> <!-- stack-trace -->
                  <em>
(Test login with valid credentials)                  </em>
                </div> <!-- method-content -->
              </div> <!-- method -->
              <div class="method">
                <div class="method-content">
                  <a name="testLogoutFunctionality">
                  </a> <!-- testLogoutFunctionality -->
                  <span class="method-name">testLogoutFunctionality</span>
                  <div class="stack-trace">org.openqa.selenium.SessionNotCreatedException: Could not start a new session. Response code 500. Message: Expected browser binary location, but unable to find binary in default location, no &apos;moz:firefoxOptions.binary&apos; capability provided, and no binary flag set on the command line 
Host info: host: &apos;VISHALNIVANGUNE&apos;, ip: &apos;192.168.31.227&apos;
Build info: version: &apos;4.15.0&apos;, revision: &apos;1d14b5521b&apos;
System info: os.name: &apos;Windows 11&apos;, os.arch: &apos;amd64&apos;, os.version: &apos;10.0&apos;, java.version: &apos;23.0.1&apos;
Driver info: org.openqa.selenium.firefox.FirefoxDriver
Command: [null, newSession {capabilities=[Capabilities {acceptInsecureCerts: true, browserName: firefox, moz:debuggerAddress: true, moz:firefoxOptions: {args: [--start-maximized]}}]}]
	at org.openqa.selenium.remote.ProtocolHandshake.createSession(ProtocolHandshake.java:140)
	at org.openqa.selenium.remote.ProtocolHandshake.createSession(ProtocolHandshake.java:96)
	at org.openqa.selenium.remote.ProtocolHandshake.createSession(ProtocolHandshake.java:68)
	at org.openqa.selenium.remote.HttpCommandExecutor.execute(HttpCommandExecutor.java:163)
	at org.openqa.selenium.remote.service.DriverCommandExecutor.invokeExecute(DriverCommandExecutor.java:200)
	at org.openqa.selenium.remote.service.DriverCommandExecutor.execute(DriverCommandExecutor.java:175)
	at org.openqa.selenium.remote.RemoteWebDriver.execute(RemoteWebDriver.java:607)
	at org.openqa.selenium.remote.RemoteWebDriver.startSession(RemoteWebDriver.java:241)
	at org.openqa.selenium.remote.RemoteWebDriver.&lt;init&gt;(RemoteWebDriver.java:168)
	at org.openqa.selenium.firefox.FirefoxDriver.&lt;init&gt;(FirefoxDriver.java:157)
	at org.openqa.selenium.firefox.FirefoxDriver.&lt;init&gt;(FirefoxDriver.java:152)
	at org.openqa.selenium.firefox.FirefoxDriver.&lt;init&gt;(FirefoxDriver.java:133)
	at org.openqa.selenium.firefox.FirefoxDriver.&lt;init&gt;(FirefoxDriver.java:128)
	at org.openqa.selenium.firefox.FirefoxDriver.&lt;init&gt;(FirefoxDriver.java:113)
	at com.demoblaze.automation.managers.DriverFactory.createDriver(DriverFactory.java:49)
	at com.demoblaze.automation.managers.DriverManager.initDriver(DriverManager.java:46)
	at com.demoblaze.automation.tests.BaseTest.setup(BaseTest.java:31)
	at java.base/java.util.ArrayList.forEach(ArrayList.java:1597)
... Removed 33 stack frames
</div> <!-- stack-trace -->
                  <em>
(Test logout functionality)                  </em>
                </div> <!-- method-content -->
              </div> <!-- method -->
            </div> <!-- main-panel-content rounded-window-bottom -->
          </div> <!-- suite-Demoblaze_Test_Suite-class-skipped -->
          <div class="suite-Demoblaze_Test_Suite-class-skipped">
            <div class="main-panel-header rounded-window-top">
              <img src="skipped.png"/>
              <span class="class-name">com.demoblaze.automation.tests.SignUpTests</span>
            </div> <!-- main-panel-header rounded-window-top -->
            <div class="main-panel-content rounded-window-bottom">
              <div class="method">
                <div class="method-content">
                  <a name="testSignUpModalClose">
                  </a> <!-- testSignUpModalClose -->
                  <span class="method-name">testSignUpModalClose</span>
                  <div class="stack-trace">org.openqa.selenium.SessionNotCreatedException: Could not start a new session. Response code 500. Message: Expected browser binary location, but unable to find binary in default location, no &apos;moz:firefoxOptions.binary&apos; capability provided, and no binary flag set on the command line 
Host info: host: &apos;VISHALNIVANGUNE&apos;, ip: &apos;192.168.31.227&apos;
Build info: version: &apos;4.15.0&apos;, revision: &apos;1d14b5521b&apos;
System info: os.name: &apos;Windows 11&apos;, os.arch: &apos;amd64&apos;, os.version: &apos;10.0&apos;, java.version: &apos;23.0.1&apos;
Driver info: org.openqa.selenium.firefox.FirefoxDriver
Command: [null, newSession {capabilities=[Capabilities {acceptInsecureCerts: true, browserName: firefox, moz:debuggerAddress: true, moz:firefoxOptions: {args: [--start-maximized]}}]}]
	at org.openqa.selenium.remote.ProtocolHandshake.createSession(ProtocolHandshake.java:140)
	at org.openqa.selenium.remote.ProtocolHandshake.createSession(ProtocolHandshake.java:96)
	at org.openqa.selenium.remote.ProtocolHandshake.createSession(ProtocolHandshake.java:68)
	at org.openqa.selenium.remote.HttpCommandExecutor.execute(HttpCommandExecutor.java:163)
	at org.openqa.selenium.remote.service.DriverCommandExecutor.invokeExecute(DriverCommandExecutor.java:200)
	at org.openqa.selenium.remote.service.DriverCommandExecutor.execute(DriverCommandExecutor.java:175)
	at org.openqa.selenium.remote.RemoteWebDriver.execute(RemoteWebDriver.java:607)
	at org.openqa.selenium.remote.RemoteWebDriver.startSession(RemoteWebDriver.java:241)
	at org.openqa.selenium.remote.RemoteWebDriver.&lt;init&gt;(RemoteWebDriver.java:168)
	at org.openqa.selenium.firefox.FirefoxDriver.&lt;init&gt;(FirefoxDriver.java:157)
	at org.openqa.selenium.firefox.FirefoxDriver.&lt;init&gt;(FirefoxDriver.java:152)
	at org.openqa.selenium.firefox.FirefoxDriver.&lt;init&gt;(FirefoxDriver.java:133)
	at org.openqa.selenium.firefox.FirefoxDriver.&lt;init&gt;(FirefoxDriver.java:128)
	at org.openqa.selenium.firefox.FirefoxDriver.&lt;init&gt;(FirefoxDriver.java:113)
	at com.demoblaze.automation.managers.DriverFactory.createDriver(DriverFactory.java:49)
	at com.demoblaze.automation.managers.DriverManager.initDriver(DriverManager.java:46)
	at com.demoblaze.automation.tests.BaseTest.setup(BaseTest.java:31)
	at java.base/java.util.ArrayList.forEach(ArrayList.java:1597)
... Removed 33 stack frames
</div> <!-- stack-trace -->
                  <em>
(Test sign up modal close functionality)                  </em>
                </div> <!-- method-content -->
              </div> <!-- method -->
              <div class="method">
                <div class="method-content">
                  <a name="testSignUpWithEmptyFields">
                  </a> <!-- testSignUpWithEmptyFields -->
                  <span class="method-name">testSignUpWithEmptyFields</span>
                  <div class="stack-trace">org.openqa.selenium.SessionNotCreatedException: Could not start a new session. Response code 500. Message: Expected browser binary location, but unable to find binary in default location, no &apos;moz:firefoxOptions.binary&apos; capability provided, and no binary flag set on the command line 
Host info: host: &apos;VISHALNIVANGUNE&apos;, ip: &apos;192.168.31.227&apos;
Build info: version: &apos;4.15.0&apos;, revision: &apos;1d14b5521b&apos;
System info: os.name: &apos;Windows 11&apos;, os.arch: &apos;amd64&apos;, os.version: &apos;10.0&apos;, java.version: &apos;23.0.1&apos;
Driver info: org.openqa.selenium.firefox.FirefoxDriver
Command: [null, newSession {capabilities=[Capabilities {acceptInsecureCerts: true, browserName: firefox, moz:debuggerAddress: true, moz:firefoxOptions: {args: [--start-maximized]}}]}]
	at org.openqa.selenium.remote.ProtocolHandshake.createSession(ProtocolHandshake.java:140)
	at org.openqa.selenium.remote.ProtocolHandshake.createSession(ProtocolHandshake.java:96)
	at org.openqa.selenium.remote.ProtocolHandshake.createSession(ProtocolHandshake.java:68)
	at org.openqa.selenium.remote.HttpCommandExecutor.execute(HttpCommandExecutor.java:163)
	at org.openqa.selenium.remote.service.DriverCommandExecutor.invokeExecute(DriverCommandExecutor.java:200)
	at org.openqa.selenium.remote.service.DriverCommandExecutor.execute(DriverCommandExecutor.java:175)
	at org.openqa.selenium.remote.RemoteWebDriver.execute(RemoteWebDriver.java:607)
	at org.openqa.selenium.remote.RemoteWebDriver.startSession(RemoteWebDriver.java:241)
	at org.openqa.selenium.remote.RemoteWebDriver.&lt;init&gt;(RemoteWebDriver.java:168)
	at org.openqa.selenium.firefox.FirefoxDriver.&lt;init&gt;(FirefoxDriver.java:157)
	at org.openqa.selenium.firefox.FirefoxDriver.&lt;init&gt;(FirefoxDriver.java:152)
	at org.openqa.selenium.firefox.FirefoxDriver.&lt;init&gt;(FirefoxDriver.java:133)
	at org.openqa.selenium.firefox.FirefoxDriver.&lt;init&gt;(FirefoxDriver.java:128)
	at org.openqa.selenium.firefox.FirefoxDriver.&lt;init&gt;(FirefoxDriver.java:113)
	at com.demoblaze.automation.managers.DriverFactory.createDriver(DriverFactory.java:49)
	at com.demoblaze.automation.managers.DriverManager.initDriver(DriverManager.java:46)
	at com.demoblaze.automation.tests.BaseTest.setup(BaseTest.java:31)
	at java.base/java.util.ArrayList.forEach(ArrayList.java:1597)
... Removed 33 stack frames
</div> <!-- stack-trace -->
                  <em>
(Test sign up with empty fields)                  </em>
                </div> <!-- method-content -->
              </div> <!-- method -->
              <div class="method">
                <div class="method-content">
                  <a name="testSignUpWithExistingUser">
                  </a> <!-- testSignUpWithExistingUser -->
                  <span class="method-name">testSignUpWithExistingUser</span>
                  <div class="stack-trace">org.openqa.selenium.SessionNotCreatedException: Could not start a new session. Response code 500. Message: Expected browser binary location, but unable to find binary in default location, no &apos;moz:firefoxOptions.binary&apos; capability provided, and no binary flag set on the command line 
Host info: host: &apos;VISHALNIVANGUNE&apos;, ip: &apos;192.168.31.227&apos;
Build info: version: &apos;4.15.0&apos;, revision: &apos;1d14b5521b&apos;
System info: os.name: &apos;Windows 11&apos;, os.arch: &apos;amd64&apos;, os.version: &apos;10.0&apos;, java.version: &apos;23.0.1&apos;
Driver info: org.openqa.selenium.firefox.FirefoxDriver
Command: [null, newSession {capabilities=[Capabilities {acceptInsecureCerts: true, browserName: firefox, moz:debuggerAddress: true, moz:firefoxOptions: {args: [--start-maximized]}}]}]
	at org.openqa.selenium.remote.ProtocolHandshake.createSession(ProtocolHandshake.java:140)
	at org.openqa.selenium.remote.ProtocolHandshake.createSession(ProtocolHandshake.java:96)
	at org.openqa.selenium.remote.ProtocolHandshake.createSession(ProtocolHandshake.java:68)
	at org.openqa.selenium.remote.HttpCommandExecutor.execute(HttpCommandExecutor.java:163)
	at org.openqa.selenium.remote.service.DriverCommandExecutor.invokeExecute(DriverCommandExecutor.java:200)
	at org.openqa.selenium.remote.service.DriverCommandExecutor.execute(DriverCommandExecutor.java:175)
	at org.openqa.selenium.remote.RemoteWebDriver.execute(RemoteWebDriver.java:607)
	at org.openqa.selenium.remote.RemoteWebDriver.startSession(RemoteWebDriver.java:241)
	at org.openqa.selenium.remote.RemoteWebDriver.&lt;init&gt;(RemoteWebDriver.java:168)
	at org.openqa.selenium.firefox.FirefoxDriver.&lt;init&gt;(FirefoxDriver.java:157)
	at org.openqa.selenium.firefox.FirefoxDriver.&lt;init&gt;(FirefoxDriver.java:152)
	at org.openqa.selenium.firefox.FirefoxDriver.&lt;init&gt;(FirefoxDriver.java:133)
	at org.openqa.selenium.firefox.FirefoxDriver.&lt;init&gt;(FirefoxDriver.java:128)
	at org.openqa.selenium.firefox.FirefoxDriver.&lt;init&gt;(FirefoxDriver.java:113)
	at com.demoblaze.automation.managers.DriverFactory.createDriver(DriverFactory.java:49)
	at com.demoblaze.automation.managers.DriverManager.initDriver(DriverManager.java:46)
	at com.demoblaze.automation.tests.BaseTest.setup(BaseTest.java:31)
	at java.base/java.util.ArrayList.forEach(ArrayList.java:1597)
... Removed 33 stack frames
</div> <!-- stack-trace -->
                  <em>
(Test sign up with existing username)                  </em>
                </div> <!-- method-content -->
              </div> <!-- method -->
              <div class="method">
                <div class="method-content">
                  <a name="testSignUpWithOnlyUsername">
                  </a> <!-- testSignUpWithOnlyUsername -->
                  <span class="method-name">testSignUpWithOnlyUsername</span>
                  <div class="stack-trace">org.openqa.selenium.SessionNotCreatedException: Could not start a new session. Response code 500. Message: Expected browser binary location, but unable to find binary in default location, no &apos;moz:firefoxOptions.binary&apos; capability provided, and no binary flag set on the command line 
Host info: host: &apos;VISHALNIVANGUNE&apos;, ip: &apos;192.168.31.227&apos;
Build info: version: &apos;4.15.0&apos;, revision: &apos;1d14b5521b&apos;
System info: os.name: &apos;Windows 11&apos;, os.arch: &apos;amd64&apos;, os.version: &apos;10.0&apos;, java.version: &apos;23.0.1&apos;
Driver info: org.openqa.selenium.firefox.FirefoxDriver
Command: [null, newSession {capabilities=[Capabilities {acceptInsecureCerts: true, browserName: firefox, moz:debuggerAddress: true, moz:firefoxOptions: {args: [--start-maximized]}}]}]
	at org.openqa.selenium.remote.ProtocolHandshake.createSession(ProtocolHandshake.java:140)
	at org.openqa.selenium.remote.ProtocolHandshake.createSession(ProtocolHandshake.java:96)
	at org.openqa.selenium.remote.ProtocolHandshake.createSession(ProtocolHandshake.java:68)
	at org.openqa.selenium.remote.HttpCommandExecutor.execute(HttpCommandExecutor.java:163)
	at org.openqa.selenium.remote.service.DriverCommandExecutor.invokeExecute(DriverCommandExecutor.java:200)
	at org.openqa.selenium.remote.service.DriverCommandExecutor.execute(DriverCommandExecutor.java:175)
	at org.openqa.selenium.remote.RemoteWebDriver.execute(RemoteWebDriver.java:607)
	at org.openqa.selenium.remote.RemoteWebDriver.startSession(RemoteWebDriver.java:241)
	at org.openqa.selenium.remote.RemoteWebDriver.&lt;init&gt;(RemoteWebDriver.java:168)
	at org.openqa.selenium.firefox.FirefoxDriver.&lt;init&gt;(FirefoxDriver.java:157)
	at org.openqa.selenium.firefox.FirefoxDriver.&lt;init&gt;(FirefoxDriver.java:152)
	at org.openqa.selenium.firefox.FirefoxDriver.&lt;init&gt;(FirefoxDriver.java:133)
	at org.openqa.selenium.firefox.FirefoxDriver.&lt;init&gt;(FirefoxDriver.java:128)
	at org.openqa.selenium.firefox.FirefoxDriver.&lt;init&gt;(FirefoxDriver.java:113)
	at com.demoblaze.automation.managers.DriverFactory.createDriver(DriverFactory.java:49)
	at com.demoblaze.automation.managers.DriverManager.initDriver(DriverManager.java:46)
	at com.demoblaze.automation.tests.BaseTest.setup(BaseTest.java:31)
	at java.base/java.util.ArrayList.forEach(ArrayList.java:1597)
... Removed 33 stack frames
</div> <!-- stack-trace -->
                  <em>
(Test sign up with only username)                  </em>
                </div> <!-- method-content -->
              </div> <!-- method -->
              <div class="method">
                <div class="method-content">
                  <a name="testSuccessfulSignUp">
                  </a> <!-- testSuccessfulSignUp -->
                  <span class="method-name">testSuccessfulSignUp</span>
                  <div class="stack-trace">org.openqa.selenium.SessionNotCreatedException: Could not start a new session. Response code 500. Message: Expected browser binary location, but unable to find binary in default location, no &apos;moz:firefoxOptions.binary&apos; capability provided, and no binary flag set on the command line 
Host info: host: &apos;VISHALNIVANGUNE&apos;, ip: &apos;192.168.31.227&apos;
Build info: version: &apos;4.15.0&apos;, revision: &apos;1d14b5521b&apos;
System info: os.name: &apos;Windows 11&apos;, os.arch: &apos;amd64&apos;, os.version: &apos;10.0&apos;, java.version: &apos;23.0.1&apos;
Driver info: org.openqa.selenium.firefox.FirefoxDriver
Command: [null, newSession {capabilities=[Capabilities {acceptInsecureCerts: true, browserName: firefox, moz:debuggerAddress: true, moz:firefoxOptions: {args: [--start-maximized]}}]}]
	at org.openqa.selenium.remote.ProtocolHandshake.createSession(ProtocolHandshake.java:140)
	at org.openqa.selenium.remote.ProtocolHandshake.createSession(ProtocolHandshake.java:96)
	at org.openqa.selenium.remote.ProtocolHandshake.createSession(ProtocolHandshake.java:68)
	at org.openqa.selenium.remote.HttpCommandExecutor.execute(HttpCommandExecutor.java:163)
	at org.openqa.selenium.remote.service.DriverCommandExecutor.invokeExecute(DriverCommandExecutor.java:200)
	at org.openqa.selenium.remote.service.DriverCommandExecutor.execute(DriverCommandExecutor.java:175)
	at org.openqa.selenium.remote.RemoteWebDriver.execute(RemoteWebDriver.java:607)
	at org.openqa.selenium.remote.RemoteWebDriver.startSession(RemoteWebDriver.java:241)
	at org.openqa.selenium.remote.RemoteWebDriver.&lt;init&gt;(RemoteWebDriver.java:168)
	at org.openqa.selenium.firefox.FirefoxDriver.&lt;init&gt;(FirefoxDriver.java:157)
	at org.openqa.selenium.firefox.FirefoxDriver.&lt;init&gt;(FirefoxDriver.java:152)
	at org.openqa.selenium.firefox.FirefoxDriver.&lt;init&gt;(FirefoxDriver.java:133)
	at org.openqa.selenium.firefox.FirefoxDriver.&lt;init&gt;(FirefoxDriver.java:128)
	at org.openqa.selenium.firefox.FirefoxDriver.&lt;init&gt;(FirefoxDriver.java:113)
	at com.demoblaze.automation.managers.DriverFactory.createDriver(DriverFactory.java:49)
	at com.demoblaze.automation.managers.DriverManager.initDriver(DriverManager.java:46)
	at com.demoblaze.automation.tests.BaseTest.setup(BaseTest.java:31)
	at java.base/java.util.ArrayList.forEach(ArrayList.java:1597)
... Removed 33 stack frames
</div> <!-- stack-trace -->
                  <em>
(Test successful sign up with unique username)                  </em>
                </div> <!-- method-content -->
              </div> <!-- method -->
            </div> <!-- main-panel-content rounded-window-bottom -->
          </div> <!-- suite-Demoblaze_Test_Suite-class-skipped -->
          <div class="suite-Demoblaze_Test_Suite-class-passed">
            <div class="main-panel-header rounded-window-top">
              <img src="passed.png"/>
              <span class="class-name">com.demoblaze.automation.tests.CheckoutTests</span>
            </div> <!-- main-panel-header rounded-window-top -->
            <div class="main-panel-content rounded-window-bottom">
              <div class="method">
                <div class="method-content">
                  <a name="testCheckoutWithEmptyCreditCard">
                  </a> <!-- testCheckoutWithEmptyCreditCard -->
                  <span class="method-name">testCheckoutWithEmptyCreditCard</span>
                  <em>
(Test checkout with empty credit card field)                  </em>
                </div> <!-- method-content -->
              </div> <!-- method -->
              <div class="method">
                <div class="method-content">
                  <a name="testCheckoutWithEmptyName">
                  </a> <!-- testCheckoutWithEmptyName -->
                  <span class="method-name">testCheckoutWithEmptyName</span>
                  <em>
(Test checkout with empty name field)                  </em>
                </div> <!-- method-content -->
              </div> <!-- method -->
              <div class="method">
                <div class="method-content">
                  <a name="testCloseCheckoutModal">
                  </a> <!-- testCloseCheckoutModal -->
                  <span class="method-name">testCloseCheckoutModal</span>
                  <em>
(Test closing checkout modal)                  </em>
                </div> <!-- method-content -->
              </div> <!-- method -->
              <div class="method">
                <div class="method-content">
                  <a name="testCompleteCheckoutProcess">
                  </a> <!-- testCompleteCheckoutProcess -->
                  <span class="method-name">testCompleteCheckoutProcess</span>
                  <em>
(Test complete checkout process with valid details)                  </em>
                </div> <!-- method-content -->
              </div> <!-- method -->
              <div class="method">
                <div class="method-content">
                  <a name="testOrderDetailsDisplay">
                  </a> <!-- testOrderDetailsDisplay -->
                  <span class="method-name">testOrderDetailsDisplay</span>
                  <em>
(Test order details display after successful purchase)                  </em>
                </div> <!-- method-content -->
              </div> <!-- method -->
            </div> <!-- main-panel-content rounded-window-bottom -->
          </div> <!-- suite-Demoblaze_Test_Suite-class-passed -->
          <div class="suite-Demoblaze_Test_Suite-class-passed">
            <div class="main-panel-header rounded-window-top">
              <img src="passed.png"/>
              <span class="class-name">com.demoblaze.automation.tests.LoginTests</span>
            </div> <!-- main-panel-header rounded-window-top -->
            <div class="main-panel-content rounded-window-bottom">
              <div class="method">
                <div class="method-content">
                  <a name="testLoginWithEmptyCredentials">
                  </a> <!-- testLoginWithEmptyCredentials -->
                  <span class="method-name">testLoginWithEmptyCredentials</span>
                  <em>
(Test login with empty credentials)                  </em>
                </div> <!-- method-content -->
              </div> <!-- method -->
              <div class="method">
                <div class="method-content">
                  <a name="testLoginWithInvalidPassword">
                  </a> <!-- testLoginWithInvalidPassword -->
                  <span class="method-name">testLoginWithInvalidPassword</span>
                  <em>
(Test login with invalid password)                  </em>
                </div> <!-- method-content -->
              </div> <!-- method -->
              <div class="method">
                <div class="method-content">
                  <a name="testLoginWithInvalidUsername">
                  </a> <!-- testLoginWithInvalidUsername -->
                  <span class="method-name">testLoginWithInvalidUsername</span>
                  <em>
(Test login with invalid username)                  </em>
                </div> <!-- method-content -->
              </div> <!-- method -->
              <div class="method">
                <div class="method-content">
                  <a name="testLoginWithValidCredentials">
                  </a> <!-- testLoginWithValidCredentials -->
                  <span class="method-name">testLoginWithValidCredentials</span>
                  <em>
(Test login with valid credentials)                  </em>
                </div> <!-- method-content -->
              </div> <!-- method -->
              <div class="method">
                <div class="method-content">
                  <a name="testLogoutFunctionality">
                  </a> <!-- testLogoutFunctionality -->
                  <span class="method-name">testLogoutFunctionality</span>
                  <em>
(Test logout functionality)                  </em>
                </div> <!-- method-content -->
              </div> <!-- method -->
            </div> <!-- main-panel-content rounded-window-bottom -->
          </div> <!-- suite-Demoblaze_Test_Suite-class-passed -->
          <div class="suite-Demoblaze_Test_Suite-class-passed">
            <div class="main-panel-header rounded-window-top">
              <img src="passed.png"/>
              <span class="class-name">com.demoblaze.automation.tests.CartTests</span>
            </div> <!-- main-panel-header rounded-window-top -->
            <div class="main-panel-content rounded-window-bottom">
              <div class="method">
                <div class="method-content">
                  <a name="testAddMultipleProductsToCart">
                  </a> <!-- testAddMultipleProductsToCart -->
                  <span class="method-name">testAddMultipleProductsToCart</span>
                  <em>
(Test adding multiple products to cart)                  </em>
                </div> <!-- method-content -->
              </div> <!-- method -->
              <div class="method">
                <div class="method-content">
                  <a name="testAddProductToCart">
                  </a> <!-- testAddProductToCart -->
                  <span class="method-name">testAddProductToCart</span>
                  <em>
(Test adding product to cart)                  </em>
                </div> <!-- method-content -->
              </div> <!-- method -->
              <div class="method">
                <div class="method-content">
                  <a name="testCartTotalPriceDisplay">
                  </a> <!-- testCartTotalPriceDisplay -->
                  <span class="method-name">testCartTotalPriceDisplay</span>
                  <em>
(Test cart total price display)                  </em>
                </div> <!-- method-content -->
              </div> <!-- method -->
              <div class="method">
                <div class="method-content">
                  <a name="testViewCartAfterAddingProduct">
                  </a> <!-- testViewCartAfterAddingProduct -->
                  <span class="method-name">testViewCartAfterAddingProduct</span>
                  <em>
(Test viewing cart after adding product)                  </em>
                </div> <!-- method-content -->
              </div> <!-- method -->
            </div> <!-- main-panel-content rounded-window-bottom -->
          </div> <!-- suite-Demoblaze_Test_Suite-class-passed -->
          <div class="suite-Demoblaze_Test_Suite-class-passed">
            <div class="main-panel-header rounded-window-top">
              <img src="passed.png"/>
              <span class="class-name">com.demoblaze.automation.tests.SignUpTests</span>
            </div> <!-- main-panel-header rounded-window-top -->
            <div class="main-panel-content rounded-window-bottom">
              <div class="method">
                <div class="method-content">
                  <a name="testSignUpModalClose">
                  </a> <!-- testSignUpModalClose -->
                  <span class="method-name">testSignUpModalClose</span>
                  <em>
(Test sign up modal close functionality)                  </em>
                </div> <!-- method-content -->
              </div> <!-- method -->
              <div class="method">
                <div class="method-content">
                  <a name="testSignUpWithEmptyFields">
                  </a> <!-- testSignUpWithEmptyFields -->
                  <span class="method-name">testSignUpWithEmptyFields</span>
                  <em>
(Test sign up with empty fields)                  </em>
                </div> <!-- method-content -->
              </div> <!-- method -->
              <div class="method">
                <div class="method-content">
                  <a name="testSignUpWithExistingUser">
                  </a> <!-- testSignUpWithExistingUser -->
                  <span class="method-name">testSignUpWithExistingUser</span>
                  <em>
(Test sign up with existing username)                  </em>
                </div> <!-- method-content -->
              </div> <!-- method -->
              <div class="method">
                <div class="method-content">
                  <a name="testSignUpWithOnlyUsername">
                  </a> <!-- testSignUpWithOnlyUsername -->
                  <span class="method-name">testSignUpWithOnlyUsername</span>
                  <em>
(Test sign up with only username)                  </em>
                </div> <!-- method-content -->
              </div> <!-- method -->
              <div class="method">
                <div class="method-content">
                  <a name="testSuccessfulSignUp">
                  </a> <!-- testSuccessfulSignUp -->
                  <span class="method-name">testSuccessfulSignUp</span>
                  <em>
(Test successful sign up with unique username)                  </em>
                </div> <!-- method-content -->
              </div> <!-- method -->
            </div> <!-- main-panel-content rounded-window-bottom -->
          </div> <!-- suite-Demoblaze_Test_Suite-class-passed -->
          <div class="suite-Demoblaze_Test_Suite-class-passed">
            <div class="main-panel-header rounded-window-top">
              <img src="passed.png"/>
              <span class="class-name">com.demoblaze.automation.tests.ProductSearchTests</span>
            </div> <!-- main-panel-header rounded-window-top -->
            <div class="main-panel-content rounded-window-bottom">
              <div class="method">
                <div class="method-content">
                  <a name="testProductDetailsDisplay">
                  </a> <!-- testProductDetailsDisplay -->
                  <span class="method-name">testProductDetailsDisplay</span>
                  <em>
(Test product details display)                  </em>
                </div> <!-- method-content -->
              </div> <!-- method -->
              <div class="method">
                <div class="method-content">
                  <a name="testSearchByLaptopsCategory">
                  </a> <!-- testSearchByLaptopsCategory -->
                  <span class="method-name">testSearchByLaptopsCategory</span>
                  <em>
(Test product search by selecting Laptops category)                  </em>
                </div> <!-- method-content -->
              </div> <!-- method -->
              <div class="method">
                <div class="method-content">
                  <a name="testSearchByMonitorsCategory">
                  </a> <!-- testSearchByMonitorsCategory -->
                  <span class="method-name">testSearchByMonitorsCategory</span>
                  <em>
(Test product search by selecting Monitors category)                  </em>
                </div> <!-- method-content -->
              </div> <!-- method -->
              <div class="method">
                <div class="method-content">
                  <a name="testSearchByPhonesCategory">
                  </a> <!-- testSearchByPhonesCategory -->
                  <span class="method-name">testSearchByPhonesCategory</span>
                  <em>
(Test product search by selecting Phones category)                  </em>
                </div> <!-- method-content -->
              </div> <!-- method -->
              <div class="method">
                <div class="method-content">
                  <a name="testSelectSpecificProduct">
                  </a> <!-- testSelectSpecificProduct -->
                  <span class="method-name">testSelectSpecificProduct</span>
                  <em>
(Test selecting a specific product)                  </em>
                </div> <!-- method-content -->
              </div> <!-- method -->
            </div> <!-- main-panel-content rounded-window-bottom -->
          </div> <!-- suite-Demoblaze_Test_Suite-class-passed -->
        </div> <!-- panel Demoblaze_Test_Suite -->
        <div panel-name="test-xml-Demoblaze_Test_Suite" class="panel">
          <div class="main-panel-header rounded-window-top">
            <span class="header-content">D:\Software Testing\Eclipse\Demoblaze-E-commerce-Automation-Framework-master\src\test\resources\testng.xml</span>
          </div> <!-- main-panel-header rounded-window-top -->
          <div class="main-panel-content rounded-window-bottom">
            <pre>
&lt;?xml version=&quot;1.0&quot; encoding=&quot;UTF-8&quot;?&gt;
&lt;!DOCTYPE suite SYSTEM &quot;https://testng.org/testng-1.0.dtd&quot;&gt;
&lt;suite thread-count=&quot;1&quot; name=&quot;Demoblaze Test Suite&quot; guice-stage=&quot;DEVELOPMENT&quot; verbose=&quot;0&quot;&gt;
  &lt;listeners&gt;
    &lt;listener class-name=&quot;com.demoblaze.automation.listeners.TestListener&quot;/&gt;
  &lt;/listeners&gt;
  &lt;test thread-count=&quot;1&quot; name=&quot;Chrome Tests&quot; verbose=&quot;0&quot;&gt;
    &lt;parameter name=&quot;browser&quot; value=&quot;chrome&quot;/&gt;
    &lt;classes&gt;
      &lt;class name=&quot;com.demoblaze.automation.tests.LoginTests&quot;/&gt;
      &lt;class name=&quot;com.demoblaze.automation.tests.SignUpTests&quot;/&gt;
      &lt;class name=&quot;com.demoblaze.automation.tests.ProductSearchTests&quot;/&gt;
      &lt;class name=&quot;com.demoblaze.automation.tests.CartTests&quot;/&gt;
      &lt;class name=&quot;com.demoblaze.automation.tests.CheckoutTests&quot;/&gt;
    &lt;/classes&gt;
  &lt;/test&gt; &lt;!-- Chrome Tests --&gt;
  &lt;test thread-count=&quot;1&quot; name=&quot;Firefox Tests&quot; verbose=&quot;0&quot;&gt;
    &lt;parameter name=&quot;browser&quot; value=&quot;firefox&quot;/&gt;
    &lt;classes&gt;
      &lt;class name=&quot;com.demoblaze.automation.tests.LoginTests&quot;/&gt;
      &lt;class name=&quot;com.demoblaze.automation.tests.SignUpTests&quot;/&gt;
    &lt;/classes&gt;
  &lt;/test&gt; &lt;!-- Firefox Tests --&gt;
&lt;/suite&gt; &lt;!-- Demoblaze Test Suite --&gt;
            </pre>
          </div> <!-- main-panel-content rounded-window-bottom -->
        </div> <!-- panel -->
        <div panel-name="testlist-Demoblaze_Test_Suite" class="panel">
          <div class="main-panel-header rounded-window-top">
            <span class="header-content">Tests for Demoblaze Test Suite</span>
          </div> <!-- main-panel-header rounded-window-top -->
          <div class="main-panel-content rounded-window-bottom">
            <ul>
              <li>
                <span class="test-name">Chrome Tests (5 classes)</span>
              </li>
              <li>
                <span class="test-name">Firefox Tests (2 classes)</span>
              </li>
            </ul>
          </div> <!-- main-panel-content rounded-window-bottom -->
        </div> <!-- panel -->
        <div panel-name="group-Demoblaze_Test_Suite" class="panel">
          <div class="main-panel-header rounded-window-top">
            <span class="header-content">Groups for Demoblaze Test Suite</span>
          </div> <!-- main-panel-header rounded-window-top -->
          <div class="main-panel-content rounded-window-bottom">
          </div> <!-- main-panel-content rounded-window-bottom -->
        </div> <!-- panel -->
        <div panel-name="times-Demoblaze_Test_Suite" class="panel">
          <div class="main-panel-header rounded-window-top">
            <span class="header-content">Times for Demoblaze Test Suite</span>
          </div> <!-- main-panel-header rounded-window-top -->
          <div class="main-panel-content rounded-window-bottom">
            <div class="times-div">
              <script type="text/javascript">
suiteTableInitFunctions.push('tableData_Demoblaze_Test_Suite');
function tableData_Demoblaze_Test_Suite() {
var data = new google.visualization.DataTable();
data.addColumn('number', 'Number');
data.addColumn('string', 'Method');
data.addColumn('string', 'Class');
data.addColumn('number', 'Time (ms)');
data.addRows(35);
data.setCell(0, 0, 0)
data.setCell(0, 1, 'testOrderDetailsDisplay')
data.setCell(0, 2, 'com.demoblaze.automation.tests.CheckoutTests')
data.setCell(0, 3, 59023);
data.setCell(1, 0, 1)
data.setCell(1, 1, 'testCompleteCheckoutProcess')
data.setCell(1, 2, 'com.demoblaze.automation.tests.CheckoutTests')
data.setCell(1, 3, 58519);
data.setCell(2, 0, 2)
data.setCell(2, 1, 'testAddMultipleProductsToCart')
data.setCell(2, 2, 'com.demoblaze.automation.tests.CartTests')
data.setCell(2, 3, 57940);
data.setCell(3, 0, 3)
data.setCell(3, 1, 'testCheckoutWithEmptyName')
data.setCell(3, 2, 'com.demoblaze.automation.tests.CheckoutTests')
data.setCell(3, 3, 48708);
data.setCell(4, 0, 4)
data.setCell(4, 1, 'testCheckoutWithEmptyCreditCard')
data.setCell(4, 2, 'com.demoblaze.automation.tests.CheckoutTests')
data.setCell(4, 3, 48135);
data.setCell(5, 0, 5)
data.setCell(5, 1, 'testCloseCheckoutModal')
data.setCell(5, 2, 'com.demoblaze.automation.tests.CheckoutTests')
data.setCell(5, 3, 45652);
data.setCell(6, 0, 6)
data.setCell(6, 1, 'testViewCartAfterAddingProduct')
data.setCell(6, 2, 'com.demoblaze.automation.tests.CartTests')
data.setCell(6, 3, 44355);
data.setCell(7, 0, 7)
data.setCell(7, 1, 'testCartTotalPriceDisplay')
data.setCell(7, 2, 'com.demoblaze.automation.tests.CartTests')
data.setCell(7, 3, 44168);
data.setCell(8, 0, 8)
data.setCell(8, 1, 'testRemoveProductFromCart')
data.setCell(8, 2, 'com.demoblaze.automation.tests.CartTests')
data.setCell(8, 3, 39869);
data.setCell(9, 0, 9)
data.setCell(9, 1, 'testLoginWithInvalidUsername')
data.setCell(9, 2, 'com.demoblaze.automation.tests.LoginTests')
data.setCell(9, 3, 7705);
data.setCell(10, 0, 10)
data.setCell(10, 1, 'testLogoutFunctionality')
data.setCell(10, 2, 'com.demoblaze.automation.tests.LoginTests')
data.setCell(10, 3, 7667);
data.setCell(11, 0, 11)
data.setCell(11, 1, 'testLoginWithValidCredentials')
data.setCell(11, 2, 'com.demoblaze.automation.tests.LoginTests')
data.setCell(11, 3, 7259);
data.setCell(12, 0, 12)
data.setCell(12, 1, 'testAddProductToCart')
data.setCell(12, 2, 'com.demoblaze.automation.tests.CartTests')
data.setCell(12, 3, 6806);
data.setCell(13, 0, 13)
data.setCell(13, 1, 'testProductDetailsDisplay')
data.setCell(13, 2, 'com.demoblaze.automation.tests.ProductSearchTests')
data.setCell(13, 3, 6041);
data.setCell(14, 0, 14)
data.setCell(14, 1, 'testSelectSpecificProduct')
data.setCell(14, 2, 'com.demoblaze.automation.tests.ProductSearchTests')
data.setCell(14, 3, 5967);
data.setCell(15, 0, 15)
data.setCell(15, 1, 'testLoginWithInvalidPassword')
data.setCell(15, 2, 'com.demoblaze.automation.tests.LoginTests')
data.setCell(15, 3, 5070);
data.setCell(16, 0, 16)
data.setCell(16, 1, 'testSignUpWithExistingUser')
data.setCell(16, 2, 'com.demoblaze.automation.tests.SignUpTests')
data.setCell(16, 3, 5039);
data.setCell(17, 0, 17)
data.setCell(17, 1, 'testSuccessfulSignUp')
data.setCell(17, 2, 'com.demoblaze.automation.tests.SignUpTests')
data.setCell(17, 3, 5005);
data.setCell(18, 0, 18)
data.setCell(18, 1, 'testSignUpWithOnlyUsername')
data.setCell(18, 2, 'com.demoblaze.automation.tests.SignUpTests')
data.setCell(18, 3, 3919);
data.setCell(19, 0, 19)
data.setCell(19, 1, 'testSignUpWithEmptyFields')
data.setCell(19, 2, 'com.demoblaze.automation.tests.SignUpTests')
data.setCell(19, 3, 3847);
data.setCell(20, 0, 20)
data.setCell(20, 1, 'testLoginWithEmptyCredentials')
data.setCell(20, 2, 'com.demoblaze.automation.tests.LoginTests')
data.setCell(20, 3, 3833);
data.setCell(21, 0, 21)
data.setCell(21, 1, 'testSearchByMonitorsCategory')
data.setCell(21, 2, 'com.demoblaze.automation.tests.ProductSearchTests')
data.setCell(21, 3, 3169);
data.setCell(22, 0, 22)
data.setCell(22, 1, 'testSearchByLaptopsCategory')
data.setCell(22, 2, 'com.demoblaze.automation.tests.ProductSearchTests')
data.setCell(22, 3, 3164);
data.setCell(23, 0, 23)
data.setCell(23, 1, 'testSearchByPhonesCategory')
data.setCell(23, 2, 'com.demoblaze.automation.tests.ProductSearchTests')
data.setCell(23, 3, 3139);
data.setCell(24, 0, 24)
data.setCell(24, 1, 'testSignUpModalClose')
data.setCell(24, 2, 'com.demoblaze.automation.tests.SignUpTests')
data.setCell(24, 3, 2755);
data.setCell(25, 0, 25)
data.setCell(25, 1, 'testSignUpWithOnlyUsername')
data.setCell(25, 2, 'com.demoblaze.automation.tests.SignUpTests')
data.setCell(25, 3, 0);
data.setCell(26, 0, 26)
data.setCell(26, 1, 'testSignUpWithExistingUser')
data.setCell(26, 2, 'com.demoblaze.automation.tests.SignUpTests')
data.setCell(26, 3, 0);
data.setCell(27, 0, 27)
data.setCell(27, 1, 'testSignUpModalClose')
data.setCell(27, 2, 'com.demoblaze.automation.tests.SignUpTests')
data.setCell(27, 3, 0);
data.setCell(28, 0, 28)
data.setCell(28, 1, 'testLoginWithInvalidPassword')
data.setCell(28, 2, 'com.demoblaze.automation.tests.LoginTests')
data.setCell(28, 3, 0);
data.setCell(29, 0, 29)
data.setCell(29, 1, 'testLogoutFunctionality')
data.setCell(29, 2, 'com.demoblaze.automation.tests.LoginTests')
data.setCell(29, 3, 0);
data.setCell(30, 0, 30)
data.setCell(30, 1, 'testLoginWithValidCredentials')
data.setCell(30, 2, 'com.demoblaze.automation.tests.LoginTests')
data.setCell(30, 3, 0);
data.setCell(31, 0, 31)
data.setCell(31, 1, 'testLoginWithInvalidUsername')
data.setCell(31, 2, 'com.demoblaze.automation.tests.LoginTests')
data.setCell(31, 3, 0);
data.setCell(32, 0, 32)
data.setCell(32, 1, 'testSignUpWithEmptyFields')
data.setCell(32, 2, 'com.demoblaze.automation.tests.SignUpTests')
data.setCell(32, 3, 0);
data.setCell(33, 0, 33)
data.setCell(33, 1, 'testLoginWithEmptyCredentials')
data.setCell(33, 2, 'com.demoblaze.automation.tests.LoginTests')
data.setCell(33, 3, 0);
data.setCell(34, 0, 34)
data.setCell(34, 1, 'testSuccessfulSignUp')
data.setCell(34, 2, 'com.demoblaze.automation.tests.SignUpTests')
data.setCell(34, 3, 0);
window.suiteTableData['Demoblaze_Test_Suite']= { tableData: data, tableDiv: 'times-div-Demoblaze_Test_Suite'}
return data;
}
              </script>
              <span class="suite-total-time">Total running time: 8 minutes</span>
              <div id="times-div-Demoblaze_Test_Suite">
              </div> <!-- times-div-Demoblaze_Test_Suite -->
            </div> <!-- times-div -->
          </div> <!-- main-panel-content rounded-window-bottom -->
        </div> <!-- panel -->
        <div panel-name="reporter-Demoblaze_Test_Suite" class="panel">
          <div class="main-panel-header rounded-window-top">
            <span class="header-content">Reporter output for Demoblaze Test Suite</span>
          </div> <!-- main-panel-header rounded-window-top -->
          <div class="main-panel-content rounded-window-bottom">
            <div class="reporter-method-div">
              <span class="reporter-method-name">testRemoveProductFromCart</span>
              <div class="reporter-method-output-div">
                <span class="reporter-method-output"><br><img src='output/screenshots/testRemoveProductFromCart_20251008_174438.png' height='400' width='600'/><br></span>
              </div> <!-- reporter-method-output-div -->
            </div> <!-- reporter-method-div -->
          </div> <!-- main-panel-content rounded-window-bottom -->
        </div> <!-- panel -->
        <div panel-name="ignored-methods-Demoblaze_Test_Suite" class="panel">
          <div class="main-panel-header rounded-window-top">
            <span class="header-content">0 ignored methods</span>
          </div> <!-- main-panel-header rounded-window-top -->
          <div class="main-panel-content rounded-window-bottom">
          </div> <!-- main-panel-content rounded-window-bottom -->
        </div> <!-- panel -->
        <div panel-name="chronological-Demoblaze_Test_Suite" class="panel">
          <div class="main-panel-header rounded-window-top">
            <span class="header-content">Methods in chronological order</span>
          </div> <!-- main-panel-header rounded-window-top -->
          <div class="main-panel-content rounded-window-bottom">
            <div class="chronological-class">
              <div class="chronological-class-name">com.demoblaze.automation.tests.LoginTests</div> <!-- chronological-class-name -->
              <div class="configuration-method before">
                <span class="method-name">setup(chrome)</span>
                <span class="method-start">0 ms</span>
              </div> <!-- configuration-method before -->
              <div class="test-method">
                <span class="method-name">testLoginWithValidCredentials</span>
                <span class="method-start">7300 ms</span>
              </div> <!-- test-method -->
              <div class="configuration-method after">
                <span class="method-name">tearDown</span>
                <span class="method-start">14564 ms</span>
              </div> <!-- configuration-method after -->
              <div class="configuration-method before">
                <span class="method-name">setup(chrome)</span>
                <span class="method-start">14854 ms</span>
              </div> <!-- configuration-method before -->
              <div class="test-method">
                <span class="method-name">testLoginWithInvalidUsername</span>
                <span class="method-start">17760 ms</span>
              </div> <!-- test-method -->
              <div class="configuration-method after">
                <span class="method-name">tearDown</span>
                <span class="method-start">25466 ms</span>
              </div> <!-- configuration-method after -->
              <div class="configuration-method before">
                <span class="method-name">setup(chrome)</span>
                <span class="method-start">25675 ms</span>
              </div> <!-- configuration-method before -->
              <div class="test-method">
                <span class="method-name">testLoginWithInvalidPassword</span>
                <span class="method-start">28604 ms</span>
              </div> <!-- test-method -->
              <div class="configuration-method after">
                <span class="method-name">tearDown</span>
                <span class="method-start">33675 ms</span>
              </div> <!-- configuration-method after -->
              <div class="configuration-method before">
                <span class="method-name">setup(chrome)</span>
                <span class="method-start">33899 ms</span>
              </div> <!-- configuration-method before -->
              <div class="test-method">
                <span class="method-name">testLoginWithEmptyCredentials</span>
                <span class="method-start">36120 ms</span>
              </div> <!-- test-method -->
              <div class="configuration-method after">
                <span class="method-name">tearDown</span>
                <span class="method-start">39954 ms</span>
              </div> <!-- configuration-method after -->
              <div class="configuration-method before">
                <span class="method-name">setup(chrome)</span>
                <span class="method-start">40203 ms</span>
              </div> <!-- configuration-method before -->
              <div class="test-method">
                <span class="method-name">testLogoutFunctionality</span>
                <span class="method-start">42961 ms</span>
              </div> <!-- test-method -->
              <div class="configuration-method after">
                <span class="method-name">tearDown</span>
                <span class="method-start">50629 ms</span>
              </div> <!-- configuration-method after -->
            </div> <!-- chronological-class -->
            <div class="chronological-class">
              <div class="chronological-class-name">com.demoblaze.automation.tests.SignUpTests</div> <!-- chronological-class-name -->
              <div class="configuration-method before">
                <span class="method-name">setup(chrome)</span>
                <span class="method-start">50842 ms</span>
              </div> <!-- configuration-method before -->
              <div class="test-method">
                <span class="method-name">testSuccessfulSignUp</span>
                <span class="method-start">53349 ms</span>
              </div> <!-- test-method -->
              <div class="configuration-method after">
                <span class="method-name">tearDown</span>
                <span class="method-start">58355 ms</span>
              </div> <!-- configuration-method after -->
              <div class="configuration-method before">
                <span class="method-name">setup(chrome)</span>
                <span class="method-start">58556 ms</span>
              </div> <!-- configuration-method before -->
              <div class="test-method">
                <span class="method-name">testSignUpWithExistingUser</span>
                <span class="method-start">61608 ms</span>
              </div> <!-- test-method -->
              <div class="configuration-method after">
                <span class="method-name">tearDown</span>
                <span class="method-start">66648 ms</span>
              </div> <!-- configuration-method after -->
              <div class="configuration-method before">
                <span class="method-name">setup(chrome)</span>
                <span class="method-start">66883 ms</span>
              </div> <!-- configuration-method before -->
              <div class="test-method">
                <span class="method-name">testSignUpWithEmptyFields</span>
                <span class="method-start">68830 ms</span>
              </div> <!-- test-method -->
              <div class="configuration-method after">
                <span class="method-name">tearDown</span>
                <span class="method-start">72678 ms</span>
              </div> <!-- configuration-method after -->
              <div class="configuration-method before">
                <span class="method-name">setup(chrome)</span>
                <span class="method-start">72880 ms</span>
              </div> <!-- configuration-method before -->
              <div class="test-method">
                <span class="method-name">testSignUpWithOnlyUsername</span>
                <span class="method-start">75000 ms</span>
              </div> <!-- test-method -->
              <div class="configuration-method after">
                <span class="method-name">tearDown</span>
                <span class="method-start">78920 ms</span>
              </div> <!-- configuration-method after -->
              <div class="configuration-method before">
                <span class="method-name">setup(chrome)</span>
                <span class="method-start">79123 ms</span>
              </div> <!-- configuration-method before -->
              <div class="test-method">
                <span class="method-name">testSignUpModalClose</span>
                <span class="method-start">81200 ms</span>
              </div> <!-- test-method -->
              <div class="configuration-method after">
                <span class="method-name">tearDown</span>
                <span class="method-start">83956 ms</span>
              </div> <!-- configuration-method after -->
            </div> <!-- chronological-class -->
            <div class="chronological-class">
              <div class="chronological-class-name">com.demoblaze.automation.tests.ProductSearchTests</div> <!-- chronological-class-name -->
              <div class="configuration-method before">
                <span class="method-name">setup(chrome)</span>
                <span class="method-start">84149 ms</span>
              </div> <!-- configuration-method before -->
              <div class="test-method">
                <span class="method-name">testSearchByPhonesCategory</span>
                <span class="method-start">86341 ms</span>
              </div> <!-- test-method -->
              <div class="configuration-method after">
                <span class="method-name">tearDown</span>
                <span class="method-start">89482 ms</span>
              </div> <!-- configuration-method after -->
              <div class="configuration-method before">
                <span class="method-name">setup(chrome)</span>
                <span class="method-start">89665 ms</span>
              </div> <!-- configuration-method before -->
              <div class="test-method">
                <span class="method-name">testSearchByLaptopsCategory</span>
                <span class="method-start">92422 ms</span>
              </div> <!-- test-method -->
              <div class="configuration-method after">
                <span class="method-name">tearDown</span>
                <span class="method-start">95586 ms</span>
              </div> <!-- configuration-method after -->
              <div class="configuration-method before">
                <span class="method-name">setup(chrome)</span>
                <span class="method-start">95778 ms</span>
              </div> <!-- configuration-method before -->
              <div class="test-method">
                <span class="method-name">testSearchByMonitorsCategory</span>
                <span class="method-start">98115 ms</span>
              </div> <!-- test-method -->
              <div class="configuration-method after">
                <span class="method-name">tearDown</span>
                <span class="method-start">101285 ms</span>
              </div> <!-- configuration-method after -->
              <div class="configuration-method before">
                <span class="method-name">setup(chrome)</span>
                <span class="method-start">101505 ms</span>
              </div> <!-- configuration-method before -->
              <div class="test-method">
                <span class="method-name">testSelectSpecificProduct</span>
                <span class="method-start">103487 ms</span>
              </div> <!-- test-method -->
              <div class="configuration-method after">
                <span class="method-name">tearDown</span>
                <span class="method-start">109455 ms</span>
              </div> <!-- configuration-method after -->
              <div class="configuration-method before">
                <span class="method-name">setup(chrome)</span>
                <span class="method-start">109707 ms</span>
              </div> <!-- configuration-method before -->
              <div class="test-method">
                <span class="method-name">testProductDetailsDisplay</span>
                <span class="method-start">111775 ms</span>
              </div> <!-- test-method -->
              <div class="configuration-method after">
                <span class="method-name">tearDown</span>
                <span class="method-start">117816 ms</span>
              </div> <!-- configuration-method after -->
            </div> <!-- chronological-class -->
            <div class="chronological-class">
              <div class="chronological-class-name">com.demoblaze.automation.tests.CartTests</div> <!-- chronological-class-name -->
              <div class="configuration-method before">
                <span class="method-name">setup(chrome)</span>
                <span class="method-start">118004 ms</span>
              </div> <!-- configuration-method before -->
              <div class="test-method">
                <span class="method-name">testAddProductToCart</span>
                <span class="method-start">121107 ms</span>
              </div> <!-- test-method -->
              <div class="configuration-method after">
                <span class="method-name">tearDown</span>
                <span class="method-start">127913 ms</span>
              </div> <!-- configuration-method after -->
              <div class="configuration-method before">
                <span class="method-name">setup(chrome)</span>
                <span class="method-start">128114 ms</span>
              </div> <!-- configuration-method before -->
              <div class="test-method">
                <span class="method-name">testViewCartAfterAddingProduct</span>
                <span class="method-start">130589 ms</span>
              </div> <!-- test-method -->
              <div class="configuration-method after">
                <span class="method-name">tearDown</span>
                <span class="method-start">174944 ms</span>
              </div> <!-- configuration-method after -->
              <div class="configuration-method before">
                <span class="method-name">setup(chrome)</span>
                <span class="method-start">175188 ms</span>
              </div> <!-- configuration-method before -->
              <div class="test-method">
                <img src="failed.png">
                </img>
                <span class="method-name">testRemoveProductFromCart</span>
                <span class="method-start">177751 ms</span>
              </div> <!-- test-method -->
              <div class="configuration-method after">
                <span class="method-name">tearDown</span>
                <span class="method-start">217877 ms</span>
              </div> <!-- configuration-method after -->
              <div class="configuration-method before">
                <span class="method-name">setup(chrome)</span>
                <span class="method-start">218071 ms</span>
              </div> <!-- configuration-method before -->
              <div class="test-method">
                <span class="method-name">testCartTotalPriceDisplay</span>
                <span class="method-start">221239 ms</span>
              </div> <!-- test-method -->
              <div class="configuration-method after">
                <span class="method-name">tearDown</span>
                <span class="method-start">265408 ms</span>
              </div> <!-- configuration-method after -->
              <div class="configuration-method before">
                <span class="method-name">setup(chrome)</span>
                <span class="method-start">265609 ms</span>
              </div> <!-- configuration-method before -->
              <div class="test-method">
                <span class="method-name">testAddMultipleProductsToCart</span>
                <span class="method-start">268131 ms</span>
              </div> <!-- test-method -->
              <div class="configuration-method after">
                <span class="method-name">tearDown</span>
                <span class="method-start">326072 ms</span>
              </div> <!-- configuration-method after -->
            </div> <!-- chronological-class -->
            <div class="chronological-class">
              <div class="chronological-class-name">com.demoblaze.automation.tests.CheckoutTests</div> <!-- chronological-class-name -->
              <div class="configuration-method before">
                <span class="method-name">setup(chrome)</span>
                <span class="method-start">326275 ms</span>
              </div> <!-- configuration-method before -->
              <div class="test-method">
                <span class="method-name">testCompleteCheckoutProcess</span>
                <span class="method-start">328805 ms</span>
              </div> <!-- test-method -->
              <div class="configuration-method after">
                <span class="method-name">tearDown</span>
                <span class="method-start">387324 ms</span>
              </div> <!-- configuration-method after -->
              <div class="configuration-method before">
                <span class="method-name">setup(chrome)</span>
                <span class="method-start">387548 ms</span>
              </div> <!-- configuration-method before -->
              <div class="test-method">
                <span class="method-name">testCheckoutWithEmptyName</span>
                <span class="method-start">390518 ms</span>
              </div> <!-- test-method -->
              <div class="configuration-method after">
                <span class="method-name">tearDown</span>
                <span class="method-start">439226 ms</span>
              </div> <!-- configuration-method after -->
              <div class="configuration-method before">
                <span class="method-name">setup(chrome)</span>
                <span class="method-start">439429 ms</span>
              </div> <!-- configuration-method before -->
              <div class="test-method">
                <span class="method-name">testCheckoutWithEmptyCreditCard</span>
                <span class="method-start">441875 ms</span>
              </div> <!-- test-method -->
              <div class="configuration-method after">
                <span class="method-name">tearDown</span>
                <span class="method-start">490010 ms</span>
              </div> <!-- configuration-method after -->
              <div class="configuration-method before">
                <span class="method-name">setup(chrome)</span>
                <span class="method-start">490208 ms</span>
              </div> <!-- configuration-method before -->
              <div class="test-method">
                <span class="method-name">testOrderDetailsDisplay</span>
                <span class="method-start">492286 ms</span>
              </div> <!-- test-method -->
              <div class="configuration-method after">
                <span class="method-name">tearDown</span>
                <span class="method-start">551309 ms</span>
              </div> <!-- configuration-method after -->
              <div class="configuration-method before">
                <span class="method-name">setup(chrome)</span>
                <span class="method-start">551501 ms</span>
              </div> <!-- configuration-method before -->
              <div class="test-method">
                <span class="method-name">testCloseCheckoutModal</span>
                <span class="method-start">554025 ms</span>
              </div> <!-- test-method -->
              <div class="configuration-method after">
                <span class="method-name">tearDown</span>
                <span class="method-start">599678 ms</span>
              </div> <!-- configuration-method after -->
            </div> <!-- chronological-class -->
            <div class="chronological-class">
              <div class="chronological-class-name">com.demoblaze.automation.tests.LoginTests</div> <!-- chronological-class-name -->
              <div class="configuration-method before">
                <img src="failed.png">
                </img>
                <span class="method-name">setup(firefox)</span>
                <span class="method-start">599898 ms</span>
              </div> <!-- configuration-method before -->
              <div class="configuration-method after">
                <span class="method-name">tearDown</span>
                <span class="method-start">600845 ms</span>
              </div> <!-- configuration-method after -->
              <div class="configuration-method before">
                <img src="failed.png">
                </img>
                <span class="method-name">setup(firefox)</span>
                <span class="method-start">600846 ms</span>
              </div> <!-- configuration-method before -->
              <div class="configuration-method after">
                <span class="method-name">tearDown</span>
                <span class="method-start">601587 ms</span>
              </div> <!-- configuration-method after -->
              <div class="configuration-method before">
                <img src="failed.png">
                </img>
                <span class="method-name">setup(firefox)</span>
                <span class="method-start">601588 ms</span>
              </div> <!-- configuration-method before -->
              <div class="configuration-method before">
                <img src="failed.png">
                </img>
                <span class="method-name">setup(firefox)</span>
                <span class="method-start">602240 ms</span>
              </div> <!-- configuration-method before -->
              <div class="configuration-method after">
                <span class="method-name">tearDown</span>
                <span class="method-start">602240 ms</span>
              </div> <!-- configuration-method after -->
              <div class="configuration-method before">
                <img src="failed.png">
                </img>
                <span class="method-name">setup(firefox)</span>
                <span class="method-start">602923 ms</span>
              </div> <!-- configuration-method before -->
              <div class="configuration-method after">
                <span class="method-name">tearDown</span>
                <span class="method-start">602923 ms</span>
              </div> <!-- configuration-method after -->
              <div class="configuration-method after">
                <span class="method-name">tearDown</span>
                <span class="method-start">603728 ms</span>
              </div> <!-- configuration-method after -->
            </div> <!-- chronological-class -->
            <div class="chronological-class">
              <div class="chronological-class-name">com.demoblaze.automation.tests.SignUpTests</div> <!-- chronological-class-name -->
              <div class="configuration-method before">
                <img src="failed.png">
                </img>
                <span class="method-name">setup(firefox)</span>
                <span class="method-start">603729 ms</span>
              </div> <!-- configuration-method before -->
              <div class="configuration-method after">
                <span class="method-name">tearDown</span>
                <span class="method-start">604369 ms</span>
              </div> <!-- configuration-method after -->
              <div class="configuration-method before">
                <img src="failed.png">
                </img>
                <span class="method-name">setup(firefox)</span>
                <span class="method-start">604370 ms</span>
              </div> <!-- configuration-method before -->
              <div class="configuration-method after">
                <span class="method-name">tearDown</span>
                <span class="method-start">604973 ms</span>
              </div> <!-- configuration-method after -->
              <div class="configuration-method before">
                <img src="failed.png">
                </img>
                <span class="method-name">setup(firefox)</span>
                <span class="method-start">604974 ms</span>
              </div> <!-- configuration-method before -->
              <div class="configuration-method after">
                <span class="method-name">tearDown</span>
                <span class="method-start">605611 ms</span>
              </div> <!-- configuration-method after -->
              <div class="configuration-method before">
                <img src="failed.png">
                </img>
                <span class="method-name">setup(firefox)</span>
                <span class="method-start">605612 ms</span>
              </div> <!-- configuration-method before -->
              <div class="configuration-method before">
                <img src="failed.png">
                </img>
                <span class="method-name">setup(firefox)</span>
                <span class="method-start">606368 ms</span>
              </div> <!-- configuration-method before -->
              <div class="configuration-method after">
                <span class="method-name">tearDown</span>
                <span class="method-start">606368 ms</span>
              </div> <!-- configuration-method after -->
              <div class="configuration-method after">
                <span class="method-name">tearDown</span>
                <span class="method-start">606986 ms</span>
              </div> <!-- configuration-method after -->
          </div> <!-- main-panel-content rounded-window-bottom -->
        </div> <!-- panel -->
      </div> <!-- main-panel-root -->
    </div> <!-- wrapper -->
  </body>
<script type="text/javascript" src="testng-reports2.js"></script>
</html>
