<html>
<head>
<title>TestNG:  Chrome Tests</title>
<link href="../testng.css" rel="stylesheet" type="text/css" />
<link href="../my-testng.css" rel="stylesheet" type="text/css" />

<style type="text/css">
.log { display: none;} 
.stack-trace { display: none;} 
</style>
<script type="text/javascript">
<!--
function flip(e) {
  current = e.style.display;
  if (current == 'block') {
    e.style.display = 'none';
    return 0;
  }
  else {
    e.style.display = 'block';
    return 1;
  }
}

function toggleBox(szDivId, elem, msg1, msg2)
{
  var res = -1;  if (document.getElementById) {
    res = flip(document.getElementById(szDivId));
  }
  else if (document.all) {
    // this is the way old msie versions work
    res = flip(document.all[szDivId]);
  }
  if(elem) {
    if(res == 0) elem.innerHTML = msg1; else elem.innerHTML = msg2;
  }

}

function toggleAllBoxes() {
  if (document.getElementsByTagName) {
    d = document.getElementsByTagName('div');
    for (i = 0; i < d.length; i++) {
      if (d[i].className == 'log') {
        flip(d[i]);
      }
    }
  }
}

// -->
</script>

</head>
<body>
<h2 align='center'>Chrome Tests</h2><table border='1' align="center">
<tr>
<td>Tests passed/Failed/Skipped:</td><td>24/1/0</td>
</tr><tr>
<td>Started on:</td><td>Wed Oct 08 17:40:59 IST 2025</td>
</tr>
<tr><td>Total time:</td><td>600 seconds (600422 ms)</td>
</tr><tr>
<td>Included groups:</td><td></td>
</tr><tr>
<td>Excluded groups:</td><td></td>
</tr>
</table><p/>
<small><i>(Hover the method name to see the test class name)</i></small><p/>
<table width='100%' border='1' class='invocation-failed'>
<tr><td colspan='4' align='center'><b>FAILED TESTS</b></td></tr>
<tr><td><b>Test method</b></td>
<td><b>Attribute(s)</b></td>
<td width="30%"><b>Exception</b></td>
<td width="10%"><b>Time (seconds)</b></td>
<td><b>Instance</b></td>
</tr>
<tr>
<td title='com.demoblaze.automation.tests.CartTests.testRemoveProductFromCart()'><b>testRemoveProductFromCart</b><br>Test class: com.demoblaze.automation.tests.CartTests<br>Test method: Test removing product from cart<br/>
<a href="#Output-98674643" onClick='toggleBox("Output-98674643", this, "Show output", "Hide output");'>Show output</a>

<a href="#Output-98674643" onClick="toggleAllBoxes();">Show all outputs</a>
<div class='log' id="Output-98674643">
<br><img src='output/screenshots/testRemoveProductFromCart_20251008_174438.png' height='400' width='600'/><br><br/>
</div>
</td>
<td><div><pre>org.openqa.selenium.ElementClickInterceptedException: element click intercepted: Element &lt;a href=&quot;#&quot; onclick=&quot;deleteItem(&apos;b3b255d5-c3d1-521c-64fa-d1cd93860109&apos;)&quot;&gt;...&lt;/a&gt; is not clickable at point (745, 203). Other element would receive the click: &lt;input type=&quot;text&quot; class=&quot;form-control&quot; id=&quot;name&quot;&gt;
  (Session info: chrome=141.0.7390.54)
Build info: version: &apos;4.15.0&apos;, revision: &apos;1d14b5521b&apos;
System info: os.name: &apos;Windows 11&apos;, os.arch: &apos;amd64&apos;, os.version: &apos;10.0&apos;, java.version: &apos;23.0.1&apos;
Driver info: org.openqa.selenium.chrome.ChromeDriver
Command: [cebf0c902a3f4e3c2adf15169d5a9cb4, clickElement {id=f.F24E2BF7867D01216D31D6CDB7EDCF41.d.55D46DE83FF43693BF6DFF6CFAC366BE.e.269}]
Capabilities {acceptInsecureCerts: false, browserName: chrome, browserVersion: 141.0.7390.54, chrome: {chromedriverVersion: 141.0.7390.65 (b2ec783d2b51..., userDataDir: C:\Users\visha\AppData\Loca...}, fedcm:accounts: true, goog:chromeOptions: {debuggerAddress: localhost:54314}, networkConnectionEnabled: false, pageLoadStrategy: normal, platformName: windows, proxy: Proxy(), se:cdp: ws://localhost:54314/devtoo..., se:cdpVersion: 141.0.7390.54, setWindowRect: true, strictFileInteractability: false, timeouts: {implicit: 0, pageLoad: 300000, script: 30000}, unhandledPromptBehavior: dismiss and notify, webauthn:extension:credBlob: true, webauthn:extension:largeBlob: true, webauthn:extension:minPinLength: true, webauthn:extension:prf: true, webauthn:virtualAuthenticators: true}
Element: [[ChromeDriver: chrome on windows (cebf0c902a3f4e3c2adf15169d5a9cb4)] -&gt; xpath: //a[contains(text(),&apos;Delete&apos;)]]
Session ID: cebf0c902a3f4e3c2adf15169d5a9cb4
	at org.openqa.selenium.remote.codec.w3c.W3CHttpResponseCodec.createException(W3CHttpResponseCodec.java:200)
	at org.openqa.selenium.remote.codec.w3c.W3CHttpResponseCodec.decode(W3CHttpResponseCodec.java:133)
	at org.openqa.selenium.remote.codec.w3c.W3CHttpResponseCodec.decode(W3CHttpResponseCodec.java:52)
	at org.openqa.selenium.remote.HttpCommandExecutor.execute(HttpCommandExecutor.java:191)
	at org.openqa.selenium.remote.service.DriverCommandExecutor.invokeExecute(DriverCommandExecutor.java:200)
	at org.openqa.selenium.remote.service.DriverCommandExecutor.execute(DriverCommandExecutor.java:175)
	at org.openqa.selenium.remote.RemoteWebDriver.execute(RemoteWebDriver.java:607)
	at org.openqa.selenium.remote.RemoteWebElement.execute(RemoteWebElement.java:224)
	at org.openqa.selenium.remote.RemoteWebElement.click(RemoteWebElement.java:77)
	at com.demoblaze.automation.pages.BasePage.click(BasePage.java:32)
	at com.demoblaze.automation.pages.CartPage.deleteFirstItem(CartPage.java:86)
	at com.demoblaze.automation.tests.CartTests.testRemoveProductFromCart(CartTests.java:73)
	at java.base/java.util.ArrayList.forEach(ArrayList.java:1597)
... Removed 32 stack frames</pre></div><a href='#' onClick='toggleBox("stack-trace98674643", this, "Click to show all stack frames", "Click to hide stack frames")'>Click to show all stack frames</a>
<div class='stack-trace' id='stack-trace98674643'><pre>org.openqa.selenium.ElementClickInterceptedException: element click intercepted: Element &lt;a href=&quot;#&quot; onclick=&quot;deleteItem(&apos;b3b255d5-c3d1-521c-64fa-d1cd93860109&apos;)&quot;&gt;...&lt;/a&gt; is not clickable at point (745, 203). Other element would receive the click: &lt;input type=&quot;text&quot; class=&quot;form-control&quot; id=&quot;name&quot;&gt;
  (Session info: chrome=141.0.7390.54)
Build info: version: &apos;4.15.0&apos;, revision: &apos;1d14b5521b&apos;
System info: os.name: &apos;Windows 11&apos;, os.arch: &apos;amd64&apos;, os.version: &apos;10.0&apos;, java.version: &apos;23.0.1&apos;
Driver info: org.openqa.selenium.chrome.ChromeDriver
Command: [cebf0c902a3f4e3c2adf15169d5a9cb4, clickElement {id=f.F24E2BF7867D01216D31D6CDB7EDCF41.d.55D46DE83FF43693BF6DFF6CFAC366BE.e.269}]
Capabilities {acceptInsecureCerts: false, browserName: chrome, browserVersion: 141.0.7390.54, chrome: {chromedriverVersion: 141.0.7390.65 (b2ec783d2b51..., userDataDir: C:\Users\visha\AppData\Loca...}, fedcm:accounts: true, goog:chromeOptions: {debuggerAddress: localhost:54314}, networkConnectionEnabled: false, pageLoadStrategy: normal, platformName: windows, proxy: Proxy(), se:cdp: ws://localhost:54314/devtoo..., se:cdpVersion: 141.0.7390.54, setWindowRect: true, strictFileInteractability: false, timeouts: {implicit: 0, pageLoad: 300000, script: 30000}, unhandledPromptBehavior: dismiss and notify, webauthn:extension:credBlob: true, webauthn:extension:largeBlob: true, webauthn:extension:minPinLength: true, webauthn:extension:prf: true, webauthn:virtualAuthenticators: true}
Element: [[ChromeDriver: chrome on windows (cebf0c902a3f4e3c2adf15169d5a9cb4)] -&gt; xpath: //a[contains(text(),&apos;Delete&apos;)]]
Session ID: cebf0c902a3f4e3c2adf15169d5a9cb4
	at java.base/jdk.internal.reflect.DirectConstructorHandleAccessor.newInstance(DirectConstructorHandleAccessor.java:62)
	at java.base/java.lang.reflect.Constructor.newInstanceWithCaller(Constructor.java:501)
	at java.base/java.lang.reflect.Constructor.newInstance(Constructor.java:485)
	at org.openqa.selenium.remote.codec.w3c.W3CHttpResponseCodec.createException(W3CHttpResponseCodec.java:200)
	at org.openqa.selenium.remote.codec.w3c.W3CHttpResponseCodec.decode(W3CHttpResponseCodec.java:133)
	at org.openqa.selenium.remote.codec.w3c.W3CHttpResponseCodec.decode(W3CHttpResponseCodec.java:52)
	at org.openqa.selenium.remote.HttpCommandExecutor.execute(HttpCommandExecutor.java:191)
	at org.openqa.selenium.remote.service.DriverCommandExecutor.invokeExecute(DriverCommandExecutor.java:200)
	at org.openqa.selenium.remote.service.DriverCommandExecutor.execute(DriverCommandExecutor.java:175)
	at org.openqa.selenium.remote.RemoteWebDriver.execute(RemoteWebDriver.java:607)
	at org.openqa.selenium.remote.RemoteWebElement.execute(RemoteWebElement.java:224)
	at org.openqa.selenium.remote.RemoteWebElement.click(RemoteWebElement.java:77)
	at com.demoblaze.automation.pages.BasePage.click(BasePage.java:32)
	at com.demoblaze.automation.pages.CartPage.deleteFirstItem(CartPage.java:86)
	at com.demoblaze.automation.tests.CartTests.testRemoveProductFromCart(CartTests.java:73)
	at java.base/jdk.internal.reflect.DirectMethodHandleAccessor.invoke(DirectMethodHandleAccessor.java:103)
	at java.base/java.lang.reflect.Method.invoke(Method.java:580)
	at org.testng.internal.invokers.MethodInvocationHelper.invokeMethod(MethodInvocationHelper.java:139)
	at org.testng.internal.invokers.TestInvoker.invokeMethod(TestInvoker.java:664)
	at org.testng.internal.invokers.TestInvoker.invokeTestMethod(TestInvoker.java:227)
	at org.testng.internal.invokers.MethodRunner.runInSequence(MethodRunner.java:50)
	at org.testng.internal.invokers.TestInvoker$MethodInvocationAgent.invoke(TestInvoker.java:957)
	at org.testng.internal.invokers.TestInvoker.invokeTestMethods(TestInvoker.java:200)
	at org.testng.internal.invokers.TestMethodWorker.invokeTestMethods(TestMethodWorker.java:148)
	at org.testng.internal.invokers.TestMethodWorker.run(TestMethodWorker.java:128)
	at java.base/java.util.ArrayList.forEach(ArrayList.java:1597)
	at org.testng.TestRunner.privateRun(TestRunner.java:848)
	at org.testng.TestRunner.run(TestRunner.java:621)
	at org.testng.SuiteRunner.runTest(SuiteRunner.java:443)
	at org.testng.SuiteRunner.runSequentially(SuiteRunner.java:437)
	at org.testng.SuiteRunner.privateRun(SuiteRunner.java:397)
	at org.testng.SuiteRunner.run(SuiteRunner.java:336)
	at org.testng.SuiteRunnerWorker.runSuite(SuiteRunnerWorker.java:52)
	at org.testng.SuiteRunnerWorker.run(SuiteRunnerWorker.java:95)
	at org.testng.TestNG.runSuitesSequentially(TestNG.java:1280)
	at org.testng.TestNG.runSuitesLocally(TestNG.java:1200)
	at org.testng.TestNG.runSuites(TestNG.java:1114)
	at org.testng.TestNG.run(TestNG.java:1082)
	at org.apache.maven.surefire.testng.TestNGExecutor.run(TestNGExecutor.java:308)
	at org.apache.maven.surefire.testng.TestNGXmlTestSuite.execute(TestNGXmlTestSuite.java:71)
	at org.apache.maven.surefire.testng.TestNGProvider.invoke(TestNGProvider.java:113)
	at org.apache.maven.surefire.booter.ForkedBooter.runSuitesInProcess(ForkedBooter.java:385)
	at org.apache.maven.surefire.booter.ForkedBooter.execute(ForkedBooter.java:162)
	at org.apache.maven.surefire.booter.ForkedBooter.run(ForkedBooter.java:507)
	at org.apache.maven.surefire.booter.ForkedBooter.main(ForkedBooter.java:495)
</pre></div></td>
<td>39</td>
<td>com.demoblaze.automation.tests.CartTests@313ac989</td></tr>
</table><p>
<table width='100%' border='1' class='invocation-passed'>
<tr><td colspan='4' align='center'><b>PASSED TESTS</b></td></tr>
<tr><td><b>Test method</b></td>
<td><b>Attribute(s)</b></td>
<td width="30%"><b>Exception</b></td>
<td width="10%"><b>Time (seconds)</b></td>
<td><b>Instance</b></td>
</tr>
<tr>
<td title='com.demoblaze.automation.tests.SignUpTests.testSignUpWithExistingUser()'><b>testSignUpWithExistingUser</b><br>Test class: com.demoblaze.automation.tests.SignUpTests<br>Test method: Test sign up with existing username</td>
<td></td>
<td>5</td>
<td>com.demoblaze.automation.tests.SignUpTests@145f66e3</td></tr>
<tr>
<td title='com.demoblaze.automation.tests.ProductSearchTests.testSearchByPhonesCategory()'><b>testSearchByPhonesCategory</b><br>Test class: com.demoblaze.automation.tests.ProductSearchTests<br>Test method: Test product search by selecting Phones category</td>
<td></td>
<td>3</td>
<td>com.demoblaze.automation.tests.ProductSearchTests@3023df74</td></tr>
<tr>
<td title='com.demoblaze.automation.tests.CheckoutTests.testCompleteCheckoutProcess()'><b>testCompleteCheckoutProcess</b><br>Test class: com.demoblaze.automation.tests.CheckoutTests<br>Test method: Test complete checkout process with valid details</td>
<td></td>
<td>58</td>
<td>com.demoblaze.automation.tests.CheckoutTests@4562e04d</td></tr>
<tr>
<td title='com.demoblaze.automation.tests.SignUpTests.testSignUpWithOnlyUsername()'><b>testSignUpWithOnlyUsername</b><br>Test class: com.demoblaze.automation.tests.SignUpTests<br>Test method: Test sign up with only username</td>
<td></td>
<td>3</td>
<td>com.demoblaze.automation.tests.SignUpTests@145f66e3</td></tr>
<tr>
<td title='com.demoblaze.automation.tests.SignUpTests.testSignUpWithEmptyFields()'><b>testSignUpWithEmptyFields</b><br>Test class: com.demoblaze.automation.tests.SignUpTests<br>Test method: Test sign up with empty fields</td>
<td></td>
<td>3</td>
<td>com.demoblaze.automation.tests.SignUpTests@145f66e3</td></tr>
<tr>
<td title='com.demoblaze.automation.tests.LoginTests.testLoginWithEmptyCredentials()'><b>testLoginWithEmptyCredentials</b><br>Test class: com.demoblaze.automation.tests.LoginTests<br>Test method: Test login with empty credentials</td>
<td></td>
<td>3</td>
<td>com.demoblaze.automation.tests.LoginTests@158d2680</td></tr>
<tr>
<td title='com.demoblaze.automation.tests.SignUpTests.testSuccessfulSignUp()'><b>testSuccessfulSignUp</b><br>Test class: com.demoblaze.automation.tests.SignUpTests<br>Test method: Test successful sign up with unique username</td>
<td></td>
<td>5</td>
<td>com.demoblaze.automation.tests.SignUpTests@145f66e3</td></tr>
<tr>
<td title='com.demoblaze.automation.tests.SignUpTests.testSignUpModalClose()'><b>testSignUpModalClose</b><br>Test class: com.demoblaze.automation.tests.SignUpTests<br>Test method: Test sign up modal close functionality</td>
<td></td>
<td>2</td>
<td>com.demoblaze.automation.tests.SignUpTests@145f66e3</td></tr>
<tr>
<td title='com.demoblaze.automation.tests.CheckoutTests.testCloseCheckoutModal()'><b>testCloseCheckoutModal</b><br>Test class: com.demoblaze.automation.tests.CheckoutTests<br>Test method: Test closing checkout modal</td>
<td></td>
<td>45</td>
<td>com.demoblaze.automation.tests.CheckoutTests@4562e04d</td></tr>
<tr>
<td title='com.demoblaze.automation.tests.LoginTests.testLoginWithValidCredentials()'><b>testLoginWithValidCredentials</b><br>Test class: com.demoblaze.automation.tests.LoginTests<br>Test method: Test login with valid credentials</td>
<td></td>
<td>7</td>
<td>com.demoblaze.automation.tests.LoginTests@158d2680</td></tr>
<tr>
<td title='com.demoblaze.automation.tests.CartTests.testViewCartAfterAddingProduct()'><b>testViewCartAfterAddingProduct</b><br>Test class: com.demoblaze.automation.tests.CartTests<br>Test method: Test viewing cart after adding product</td>
<td></td>
<td>44</td>
<td>com.demoblaze.automation.tests.CartTests@313ac989</td></tr>
<tr>
<td title='com.demoblaze.automation.tests.LoginTests.testLoginWithInvalidPassword()'><b>testLoginWithInvalidPassword</b><br>Test class: com.demoblaze.automation.tests.LoginTests<br>Test method: Test login with invalid password</td>
<td></td>
<td>5</td>
<td>com.demoblaze.automation.tests.LoginTests@158d2680</td></tr>
<tr>
<td title='com.demoblaze.automation.tests.LoginTests.testLoginWithInvalidUsername()'><b>testLoginWithInvalidUsername</b><br>Test class: com.demoblaze.automation.tests.LoginTests<br>Test method: Test login with invalid username</td>
<td></td>
<td>7</td>
<td>com.demoblaze.automation.tests.LoginTests@158d2680</td></tr>
<tr>
<td title='com.demoblaze.automation.tests.ProductSearchTests.testSelectSpecificProduct()'><b>testSelectSpecificProduct</b><br>Test class: com.demoblaze.automation.tests.ProductSearchTests<br>Test method: Test selecting a specific product</td>
<td></td>
<td>5</td>
<td>com.demoblaze.automation.tests.ProductSearchTests@3023df74</td></tr>
<tr>
<td title='com.demoblaze.automation.tests.CartTests.testAddMultipleProductsToCart()'><b>testAddMultipleProductsToCart</b><br>Test class: com.demoblaze.automation.tests.CartTests<br>Test method: Test adding multiple products to cart</td>
<td></td>
<td>57</td>
<td>com.demoblaze.automation.tests.CartTests@313ac989</td></tr>
<tr>
<td title='com.demoblaze.automation.tests.CheckoutTests.testCheckoutWithEmptyCreditCard()'><b>testCheckoutWithEmptyCreditCard</b><br>Test class: com.demoblaze.automation.tests.CheckoutTests<br>Test method: Test checkout with empty credit card field</td>
<td></td>
<td>48</td>
<td>com.demoblaze.automation.tests.CheckoutTests@4562e04d</td></tr>
<tr>
<td title='com.demoblaze.automation.tests.ProductSearchTests.testSearchByLaptopsCategory()'><b>testSearchByLaptopsCategory</b><br>Test class: com.demoblaze.automation.tests.ProductSearchTests<br>Test method: Test product search by selecting Laptops category</td>
<td></td>
<td>3</td>
<td>com.demoblaze.automation.tests.ProductSearchTests@3023df74</td></tr>
<tr>
<td title='com.demoblaze.automation.tests.CartTests.testAddProductToCart()'><b>testAddProductToCart</b><br>Test class: com.demoblaze.automation.tests.CartTests<br>Test method: Test adding product to cart</td>
<td></td>
<td>6</td>
<td>com.demoblaze.automation.tests.CartTests@313ac989</td></tr>
<tr>
<td title='com.demoblaze.automation.tests.ProductSearchTests.testProductDetailsDisplay()'><b>testProductDetailsDisplay</b><br>Test class: com.demoblaze.automation.tests.ProductSearchTests<br>Test method: Test product details display</td>
<td></td>
<td>6</td>
<td>com.demoblaze.automation.tests.ProductSearchTests@3023df74</td></tr>
<tr>
<td title='com.demoblaze.automation.tests.CartTests.testCartTotalPriceDisplay()'><b>testCartTotalPriceDisplay</b><br>Test class: com.demoblaze.automation.tests.CartTests<br>Test method: Test cart total price display</td>
<td></td>
<td>44</td>
<td>com.demoblaze.automation.tests.CartTests@313ac989</td></tr>
<tr>
<td title='com.demoblaze.automation.tests.LoginTests.testLogoutFunctionality()'><b>testLogoutFunctionality</b><br>Test class: com.demoblaze.automation.tests.LoginTests<br>Test method: Test logout functionality</td>
<td></td>
<td>7</td>
<td>com.demoblaze.automation.tests.LoginTests@158d2680</td></tr>
<tr>
<td title='com.demoblaze.automation.tests.CheckoutTests.testOrderDetailsDisplay()'><b>testOrderDetailsDisplay</b><br>Test class: com.demoblaze.automation.tests.CheckoutTests<br>Test method: Test order details display after successful purchase</td>
<td></td>
<td>59</td>
<td>com.demoblaze.automation.tests.CheckoutTests@4562e04d</td></tr>
<tr>
<td title='com.demoblaze.automation.tests.CheckoutTests.testCheckoutWithEmptyName()'><b>testCheckoutWithEmptyName</b><br>Test class: com.demoblaze.automation.tests.CheckoutTests<br>Test method: Test checkout with empty name field</td>
<td></td>
<td>48</td>
<td>com.demoblaze.automation.tests.CheckoutTests@4562e04d</td></tr>
<tr>
<td title='com.demoblaze.automation.tests.ProductSearchTests.testSearchByMonitorsCategory()'><b>testSearchByMonitorsCategory</b><br>Test class: com.demoblaze.automation.tests.ProductSearchTests<br>Test method: Test product search by selecting Monitors category</td>
<td></td>
<td>3</td>
<td>com.demoblaze.automation.tests.ProductSearchTests@3023df74</td></tr>
</table><p>
</body>
</html>