<?xml version="1.0" encoding="UTF-8"?>
<!-- Generated by org.testng.reporters.JUnitXMLReporter -->
<testsuite ignored="0" hostname="VishalNivangune" failures="1" tests="25" name="Chrome Tests" time="600.422" errors="0" timestamp="2025-10-08T17:51:00 IST">
  <testcase classname="com.demoblaze.automation.tests.LoginTests" name="testLoginWithValidCredentials" time="7.259"/>
  <testcase classname="com.demoblaze.automation.tests.LoginTests" name="testLoginWithInvalidUsername" time="7.705"/>
  <testcase classname="com.demoblaze.automation.tests.LoginTests" name="testLoginWithInvalidPassword" time="5.07"/>
  <testcase classname="com.demoblaze.automation.tests.LoginTests" name="testLoginWithEmptyCredentials" time="3.833"/>
  <testcase classname="com.demoblaze.automation.tests.LoginTests" name="testLogoutFunctionality" time="7.667"/>
  <testcase classname="com.demoblaze.automation.tests.SignUpTests" name="testSuccessfulSignUp" time="5.005"/>
  <testcase classname="com.demoblaze.automation.tests.SignUpTests" name="testSignUpWithExistingUser" time="5.039"/>
  <testcase classname="com.demoblaze.automation.tests.SignUpTests" name="testSignUpWithEmptyFields" time="3.847"/>
  <testcase classname="com.demoblaze.automation.tests.SignUpTests" name="testSignUpWithOnlyUsername" time="3.919"/>
  <testcase classname="com.demoblaze.automation.tests.SignUpTests" name="testSignUpModalClose" time="2.755"/>
  <testcase classname="com.demoblaze.automation.tests.ProductSearchTests" name="testSearchByPhonesCategory" time="3.139"/>
  <testcase classname="com.demoblaze.automation.tests.ProductSearchTests" name="testSearchByLaptopsCategory" time="3.164"/>
  <testcase classname="com.demoblaze.automation.tests.ProductSearchTests" name="testSearchByMonitorsCategory" time="3.169"/>
  <testcase classname="com.demoblaze.automation.tests.ProductSearchTests" name="testSelectSpecificProduct" time="5.967"/>
  <testcase classname="com.demoblaze.automation.tests.ProductSearchTests" name="testProductDetailsDisplay" time="6.041"/>
  <testcase classname="com.demoblaze.automation.tests.CartTests" name="testAddProductToCart" time="6.806"/>
  <testcase classname="com.demoblaze.automation.tests.CartTests" name="testViewCartAfterAddingProduct" time="44.355"/>
  <testcase classname="com.demoblaze.automation.tests.CartTests" name="testRemoveProductFromCart" time="39.869">
    <failure type="org.openqa.selenium.ElementClickInterceptedException" message="element click intercepted: Element &amp;lt;a href=&amp;quot;#&amp;quot; onclick=&amp;quot;deleteItem(&amp;apos;b3b255d5-c3d1-521c-64fa-d1cd93860109&amp;apos;)&amp;quot;&amp;gt;...&amp;lt;/a&amp;gt; is not clickable at point (745, 203). Other element would receive the click: &amp;lt;input type=&amp;quot;text&amp;quot; class=&amp;quot;form-control&amp;quot; id=&amp;quot;name&amp;quot;&amp;gt;
  (Session info: chrome=141.0.7390.54)
Build info: version: &amp;apos;4.15.0&amp;apos;, revision: &amp;apos;1d14b5521b&amp;apos;
System info: os.name: &amp;apos;Windows 11&amp;apos;, os.arch: &amp;apos;amd64&amp;apos;, os.version: &amp;apos;10.0&amp;apos;, java.version: &amp;apos;23.0.1&amp;apos;
Driver info: org.openqa.selenium.chrome.ChromeDriver
Command: [cebf0c902a3f4e3c2adf15169d5a9cb4, clickElement {id=f.F24E2BF7867D01216D31D6CDB7EDCF41.d.55D46DE83FF43693BF6DFF6CFAC366BE.e.269}]
Capabilities {acceptInsecureCerts: false, browserName: chrome, browserVersion: 141.0.7390.54, chrome: {chromedriverVersion: 141.0.7390.65 (b2ec783d2b51..., userDataDir: C:\Users\visha\AppData\Loca...}, fedcm:accounts: true, goog:chromeOptions: {debuggerAddress: localhost:54314}, networkConnectionEnabled: false, pageLoadStrategy: normal, platformName: windows, proxy: Proxy(), se:cdp: ws://localhost:54314/devtoo..., se:cdpVersion: 141.0.7390.54, setWindowRect: true, strictFileInteractability: false, timeouts: {implicit: 0, pageLoad: 300000, script: 30000}, unhandledPromptBehavior: dismiss and notify, webauthn:extension:credBlob: true, webauthn:extension:largeBlob: true, webauthn:extension:minPinLength: true, webauthn:extension:prf: true, webauthn:virtualAuthenticators: true}
Element: [[ChromeDriver: chrome on windows (cebf0c902a3f4e3c2adf15169d5a9cb4)] -&amp;gt; xpath: //a[contains(text(),&amp;apos;Delete&amp;apos;)]]
Session ID: cebf0c902a3f4e3c2adf15169d5a9cb4">
      <![CDATA[org.openqa.selenium.ElementClickInterceptedException: element click intercepted: Element <a href="#" onclick="deleteItem('b3b255d5-c3d1-521c-64fa-d1cd93860109')">...</a> is not clickable at point (745, 203). Other element would receive the click: <input type="text" class="form-control" id="name">
  (Session info: chrome=141.0.7390.54)
Build info: version: '4.15.0', revision: '1d14b5521b'
System info: os.name: 'Windows 11', os.arch: 'amd64', os.version: '10.0', java.version: '23.0.1'
Driver info: org.openqa.selenium.chrome.ChromeDriver
Command: [cebf0c902a3f4e3c2adf15169d5a9cb4, clickElement {id=f.F24E2BF7867D01216D31D6CDB7EDCF41.d.55D46DE83FF43693BF6DFF6CFAC366BE.e.269}]
Capabilities {acceptInsecureCerts: false, browserName: chrome, browserVersion: 141.0.7390.54, chrome: {chromedriverVersion: 141.0.7390.65 (b2ec783d2b51..., userDataDir: C:\Users\visha\AppData\Loca...}, fedcm:accounts: true, goog:chromeOptions: {debuggerAddress: localhost:54314}, networkConnectionEnabled: false, pageLoadStrategy: normal, platformName: windows, proxy: Proxy(), se:cdp: ws://localhost:54314/devtoo..., se:cdpVersion: 141.0.7390.54, setWindowRect: true, strictFileInteractability: false, timeouts: {implicit: 0, pageLoad: 300000, script: 30000}, unhandledPromptBehavior: dismiss and notify, webauthn:extension:credBlob: true, webauthn:extension:largeBlob: true, webauthn:extension:minPinLength: true, webauthn:extension:prf: true, webauthn:virtualAuthenticators: true}
Element: [[ChromeDriver: chrome on windows (cebf0c902a3f4e3c2adf15169d5a9cb4)] -> xpath: //a[contains(text(),'Delete')]]
Session ID: cebf0c902a3f4e3c2adf15169d5a9cb4
at org.openqa.selenium.remote.codec.w3c.W3CHttpResponseCodec.createException(W3CHttpResponseCodec.java:200)
at org.openqa.selenium.remote.codec.w3c.W3CHttpResponseCodec.decode(W3CHttpResponseCodec.java:133)
at org.openqa.selenium.remote.codec.w3c.W3CHttpResponseCodec.decode(W3CHttpResponseCodec.java:52)
at org.openqa.selenium.remote.HttpCommandExecutor.execute(HttpCommandExecutor.java:191)
at org.openqa.selenium.remote.service.DriverCommandExecutor.invokeExecute(DriverCommandExecutor.java:200)
at org.openqa.selenium.remote.service.DriverCommandExecutor.execute(DriverCommandExecutor.java:175)
at org.openqa.selenium.remote.RemoteWebDriver.execute(RemoteWebDriver.java:607)
at org.openqa.selenium.remote.RemoteWebElement.execute(RemoteWebElement.java:224)
at org.openqa.selenium.remote.RemoteWebElement.click(RemoteWebElement.java:77)
at com.demoblaze.automation.pages.BasePage.click(BasePage.java:32)
at com.demoblaze.automation.pages.CartPage.deleteFirstItem(CartPage.java:86)
at com.demoblaze.automation.tests.CartTests.testRemoveProductFromCart(CartTests.java:73)
at java.base/java.util.ArrayList.forEach(ArrayList.java:1597)
... Removed 32 stack frames]]>
    </failure>
  </testcase> <!-- testRemoveProductFromCart -->
  <testcase classname="com.demoblaze.automation.tests.CartTests" name="testCartTotalPriceDisplay" time="44.168"/>
  <testcase classname="com.demoblaze.automation.tests.CartTests" name="testAddMultipleProductsToCart" time="57.94"/>
  <testcase classname="com.demoblaze.automation.tests.CheckoutTests" name="testCompleteCheckoutProcess" time="58.519"/>
  <testcase classname="com.demoblaze.automation.tests.CheckoutTests" name="testCheckoutWithEmptyName" time="48.708"/>
  <testcase classname="com.demoblaze.automation.tests.CheckoutTests" name="testCheckoutWithEmptyCreditCard" time="48.135"/>
  <testcase classname="com.demoblaze.automation.tests.CheckoutTests" name="testOrderDetailsDisplay" time="59.023"/>
  <testcase classname="com.demoblaze.automation.tests.CheckoutTests" name="testCloseCheckoutModal" time="45.652"/>
</testsuite> <!-- Chrome Tests -->
